#timestep	time	hpmc_overlap_count	hpmc_translate_acceptance	hpmc_rotate_acceptance	hpmc_d	hpmc_a	volume	external_field_jit
0	0.034052	0	0	0	0.01	0.01	185.9037742	0
500	0.597745	0	1	1	0.01536007508	0.01536911287	185.9037742	0
1000	0.78339	0	0.9864864865	0.9857142857	0.02356576965	0.02358765715	185.9037742	0
1500	0.940362	0	0.9705882353	0.9868421053	0.03601284344	0.03608340494	185.9037742	0
2000	1.09711	0	0.873015873	0.9012345679	0.05482533726	0.05501157696	185.9037742	0
2500	1.259675	0	0.8873239437	0.9863013699	0.08280692311	0.08332850324	185.9037742	0
3000	1.421345	0	0.9390243902	0.8709677419	0.1236709774	0.1247863304	185.9037742	0
3500	1.574742	0	0.8428571429	0.9054054054	0.1823867092	0.1852666497	185.9037742	0
4000	1.725824	0	0.803030303	0.7179487179	0.2624210446	0.2697757565	185.9037742	0
4500	1.873446	0	0.5857142857	0.6621621622	0.3644162944	0.3837197179	185.9037742	0
5000	2.304288	0	0.5942028986	0.7466666667	0.3644162944	0.3837197179	2230.84529	373.4381256
5500	2.370391	0	0.9186046512	0.8448275862	0.3644162944	0.3837197179	2230.84529	119.0650139
6000	2.435036	0	0.6129032258	0.7926829268	0.3644162944	0.3837197179	2230.84529	73.00225484
6500	2.500118	0	0.7432432432	0.8142857143	0.3644162944	0.3837197179	2230.84529	75.29571044
7000	2.567069	0	0.7575757576	0.8846153846	0.3644162944	0.3837197179	2230.84529	89.49715698
7500	2.632219	0	0.6666666667	0.7466666667	0.3644162944	0.3837197179	2230.84529	74.68551648
8000	2.698927	0	0.6746987952	0.8524590164	0.3644162944	0.3837197179	2230.84529	67.42216986
8500	2.764224	0	0.8125	0.859375	0.3644162944	0.3837197179	2230.84529	78.08996129
9000	2.829456	0	0.7627118644	0.8117647059	0.3644162944	0.3837197179	2230.84529	77.77852756
9500	2.89329	0	0.7586206897	0.9302325581	0.3644162944	0.3837197179	2230.84529	96.54689997
10000	2.960399	0	0.7466666667	0.8695652174	0.3644162944	0.3837197179	2230.84529	73.86030382
10500	3.026366	0	0.6973684211	0.8529411765	0.3644162944	0.3837197179	2230.84529	83.1144715
11000	3.092985	0	0.7575757576	0.858974359	0.3644162944	0.3837197179	2230.84529	87.21236408
11500	3.158597	0	0.7	0.7972972973	0.3644162944	0.3837197179	2230.84529	76.90366334
12000	3.223815	0	0.8	0.8695652174	0.3644162944	0.3837197179	2230.84529	80.31230968
12500	3.289683	0	0.825	0.84375	0.3644162944	0.3837197179	2230.84529	73.17473263
13000	3.356117	0	0.7887323944	0.9452054795	0.3644162944	0.3837197179	2230.84529	85.95126307
13500	3.422543	0	0.8333333333	0.9	0.3644162944	0.3837197179	2230.84529	82.03312916
14000	3.489227	0	0.7164179104	0.6493506494	0.3644162944	0.3837197179	2230.84529	75.0413211
14500	3.557354	0	0.7564102564	0.8181818182	0.3644162944	0.3837197179	2230.84529	74.88711244
15000	3.624455	0	0.7142857143	0.7567567568	0.3644162944	0.3837197179	2230.84529	66.417795
15500	3.691805	0	0.7916666667	0.875	0.3644162944	0.3837197179	2230.84529	77.17158991
16000	3.757237	0	0.7341772152	0.8923076923	0.3644162944	0.3837197179	2230.84529	77.77086908
16500	3.823342	0	0.7710843373	0.8032786885	0.3644162944	0.3837197179	2230.84529	88.48971021
17000	3.88974	0	0.8266666667	0.884057971	0.3644162944	0.3837197179	2230.84529	92.43005908
17500	3.955365	0	0.7042253521	0.7808219178	0.3644162944	0.3837197179	2230.84529	78.01233953
18000	4.021367	0	0.7466666667	0.7971014493	0.3644162944	0.3837197179	2230.84529	77.77383453
18500	4.086713	0	0.6417910448	0.7662337662	0.3644162944	0.3837197179	2230.84529	77.84527785
19000	4.153732	0	0.6865671642	0.8311688312	0.3644162944	0.3837197179	2230.84529	78.22463882
19500	4.218869	0	0.76	0.9710144928	0.3644162944	0.3837197179	2230.84529	89.87407422
20000	4.289835	0	0.6712328767	0.7323943662	0.3644162944	0.3837197179	2230.84529	72.64883065
20500	4.360076	0	0.7402597403	0.8208955224	0.3644162944	0.3837197179	2230.84529	80.56206542
21000	4.426685	0	0.8142857143	0.7837837838	0.3644162944	0.3837197179	2230.84529	76.82992476
21500	4.493036	0	0.6805555556	0.875	0.3644162944	0.3837197179	2230.84529	70.59277564
22000	4.559487	0	0.7272727273	0.7948717949	0.3644162944	0.3837197179	2230.84529	67.37558949
22500	4.625856	0	0.6231884058	0.88	0.3644162944	0.3837197179	2230.84529	80.1260888
23000	4.691899	0	0.7230769231	0.7974683544	0.3644162944	0.3837197179	2230.84529	79.38439953
23500	4.758658	0	0.7066666667	0.8115942029	0.3644162944	0.3837197179	2230.84529	74.03668255
24000	4.823558	0	0.7790697674	0.8448275862	0.3644162944	0.3837197179	2230.84529	91.83020169
24500	4.890705	0	0.6708860759	0.8461538462	0.3644162944	0.3837197179	2230.84529	75.01942104
25000	4.956104	0	0.8169014085	0.8767123288	0.3644162944	0.3837197179	2230.84529	82.39826798
25500	5.021782	0	0.765625	0.7875	0.3644162944	0.3837197179	2230.84529	70.95232087
26000	5.088084	0	0.7066666667	0.768115942	0.3644162944	0.3837197179	2230.84529	79.12120891
26500	5.153266	0	0.6216216216	0.9	0.3644162944	0.3837197179	2230.84529	77.75304323
27000	5.218376	0	0.743902439	0.7419354839	0.3644162944	0.3837197179	2230.84529	76.72928187
27500	5.284589	0	0.7575757576	0.7564102564	0.3644162944	0.3837197179	2230.84529	78.86619914
28000	5.351962	0	0.7692307692	0.7721518987	0.3644162944	0.3837197179	2230.84529	86.00516188
28500	5.418152	0	0.8461538462	0.8481012658	0.3644162944	0.3837197179	2230.84529	78.54216534
29000	5.483558	0	0.7384615385	0.8101265823	0.3644162944	0.3837197179	2230.84529	77.87659138
29500	5.549196	0	0.7536231884	0.84	0.3644162944	0.3837197179	2230.84529	80.45429051
30000	5.62081	0	0.6984126984	0.7777777778	0.3644162944	0.3837197179	2230.84529	77.82841551
30500	5.686985	0	0.7931034483	0.8947368421	0.3644162944	0.3837197179	2230.84529	86.04896063
31000	5.752812	0	0.6029411765	0.9210526316	0.3644162944	0.3837197179	2230.84529	62.09530604
31500	5.820395	0	0.7037037037	0.7619047619	0.3644162944	0.3837197179	2230.84529	70.07643747
32000	5.886928	0	0.7887323944	0.904109589	0.3644162944	0.3837197179	2230.84529	89.28190649
32500	5.952241	0	0.7301587302	0.8765432099	0.3644162944	0.3837197179	2230.84529	82.71963888
33000	6.017214	0	0.6567164179	0.8571428571	0.3644162944	0.3837197179	2230.84529	84.58476496
33500	6.082116	0	0.6805555556	0.8611111111	0.3644162944	0.3837197179	2230.84529	81.46800017
34000	6.147524	0	0.7631578947	0.8235294118	0.3644162944	0.3837197179	2230.84529	87.7847864
34500	6.211841	0	0.5714285714	0.8108108108	0.3644162944	0.3837197179	2230.84529	70.23639369
35000	6.277842	0	0.7564102564	0.8484848485	0.3644162944	0.3837197179	2230.84529	88.19242597
35500	6.343126	0	0.7083333333	0.9722222222	0.3644162944	0.3837197179	2230.84529	94.40519154
36000	6.407651	0	0.6849315068	0.8591549296	0.3644162944	0.3837197179	2230.84529	82.78006476
36500	6.473337	0	0.8225806452	0.8780487805	0.3644162944	0.3837197179	2230.84529	76.68456745
37000	6.540175	0	0.828125	0.9125	0.3644162944	0.3837197179	2230.84529	87.89427936
37500	6.605451	0	0.6666666667	0.8133333333	0.3644162944	0.3837197179	2230.84529	75.0017069
38000	6.671873	0	0.7142857143	0.8955223881	0.3644162944	0.3837197179	2230.84529	73.19710958
38500	6.737757	0	0.8108108108	0.7714285714	0.3644162944	0.3837197179	2230.84529	74.61958188
39000	6.802727	0	0.8358208955	0.8831168831	0.3644162944	0.3837197179	2230.84529	91.84071428
39500	6.867346	0	0.8082191781	0.8873239437	0.3644162944	0.3837197179	2230.84529	77.20160908
40000	6.935836	0	0.6666666667	0.9166666667	0.3644162944	0.3837197179	2230.84529	62.78776097
40500	7.00269	0	0.606557377	0.8072289157	0.3644162944	0.3837197179	2230.84529	74.18447566
41000	7.069695	0	0.7636363636	0.9213483146	0.3644162944	0.3837197179	2230.84529	71.00267428
41500	7.135835	0	0.7530864198	0.8095238095	0.3644162944	0.3837197179	2230.84529	88.29391038
42000	7.201983	0	0.6901408451	0.8767123288	0.3644162944	0.3837197179	2230.84529	69.03847724
42500	7.266796	0	0.8125	0.890625	0.3644162944	0.3837197179	2230.84529	90.26382929
43000	7.333167	0	0.6184210526	0.8823529412	0.3644162944	0.3837197179	2230.84529	72.09902883
43500	7.400993	0	0.6913580247	0.7301587302	0.3644162944	0.3837197179	2230.84529	68.7204597
44000	7.468322	0	0.6769230769	0.7848101266	0.3644162944	0.3837197179	2230.84529	74.03284532
44500	7.5344	0	0.7833333333	0.9166666667	0.3644162944	0.3837197179	2230.84529	81.9178111
45000	7.601594	0	0.7101449275	0.8933333333	0.3644162944	0.3837197179	2230.84529	73.03253004
45500	7.667075	0	0.7142857143	0.9382716049	0.3644162944	0.3837197179	2230.84529	78.32457989
46000	7.733488	0	0.7586206897	0.7906976744	0.3644162944	0.3837197179	2230.84529	76.21712446
46500	7.798625	0	0.8148148148	0.9682539683	0.3644162944	0.3837197179	2230.84529	78.16977656
47000	7.865478	0	0.7746478873	0.8904109589	0.3644162944	0.3837197179	2230.84529	76.4688499
47500	7.931603	0	0.6714285714	0.8513513514	0.3644162944	0.3837197179	2230.84529	76.37056643
48000	7.996735	0	0.734939759	0.9344262295	0.3644162944	0.3837197179	2230.84529	81.13946456
48500	8.0624	0	0.6621621622	0.8285714286	0.3644162944	0.3837197179	2230.84529	71.34173465
49000	8.128145	0	0.7971014493	0.8666666667	0.3644162944	0.3837197179	2230.84529	87.69287652
49500	8.192408	0	0.7183098592	0.8767123288	0.3644162944	0.3837197179	2230.84529	90.3761884
50000	8.262816	0	0.8148148148	0.8333333333	0.3644162944	0.3837197179	2230.84529	81.56630313
50500	8.330286	0	0.7910447761	0.8311688312	0.3644162944	0.3837197179	2230.84529	86.24991536
51000	8.396117	0	0.6891891892	0.7428571429	0.3644162944	0.3837197179	2230.84529	78.17674065
51500	8.460777	0	0.7297297297	0.8857142857	0.3644162944	0.3837197179	2230.84529	79.40989089
52000	8.527891	0	0.75	0.7875	0.3644162944	0.3837197179	2230.84529	69.67161614
52500	8.593414	0	0.6582278481	0.6923076923	0.3644162944	0.3837197179	2230.84529	67.91275662
53000	8.6599	0	0.765625	0.85	0.3644162944	0.3837197179	2230.84529	77.26596564
53500	8.726818	0	0.8169014085	0.8904109589	0.3644162944	0.3837197179	2230.84529	85.36823881
54000	8.792126	0	0.7294117647	0.8813559322	0.3644162944	0.3837197179	2230.84529	80.01958495
54500	8.858853	0	0.768115942	0.8533333333	0.3644162944	0.3837197179	2230.84529	78.20826894
55000	8.925132	0	0.7631578947	0.8088235294	0.3644162944	0.3837197179	2230.84529	84.84304601
55500	8.991492	0	0.7307692308	0.8939393939	0.3644162944	0.3837197179	2230.84529	76.18623972
56000	9.056947	0	0.734375	0.9125	0.3644162944	0.3837197179	2230.84529	85.48984516
56500	9.121828	0	0.7733333333	0.884057971	0.3644162944	0.3837197179	2230.84529	83.68133378
57000	9.187569	0	0.6268656716	0.7922077922	0.3644162944	0.3837197179	2230.84529	67.0119012
57500	9.253926	0	0.7341772152	0.7538461538	0.3644162944	0.3837197179	2230.84529	75.88575149
58000	9.320323	0	0.7534246575	0.8450704225	0.3644162944	0.3837197179	2230.84529	80.67541522
58500	9.386253	0	0.6756756757	0.8142857143	0.3644162944	0.3837197179	2230.84529	69.39552635
59000	9.453136	0	0.619047619	0.7654320988	0.3644162944	0.3837197179	2230.84529	67.99004012
59500	9.520411	0	0.7466666667	0.884057971	0.3644162944	0.3837197179	2230.84529	83.45079535
60000	9.589308	0	0.6756756757	0.8714285714	0.3644162944	0.3837197179	2230.84529	77.78561652
60500	9.660046	0	0.7571428571	0.7432432432	0.3644162944	0.3837197179	2230.84529	75.61763191
61000	9.724817	0	0.7428571429	0.8648648649	0.3644162944	0.3837197179	2230.84529	92.39396226
61500	9.791362	0	0.7808219178	0.8732394366	0.3644162944	0.3837197179	2230.84529	79.17669088
62000	9.857896	0	0.6891891892	0.7428571429	0.3644162944	0.3837197179	2230.84529	79.68026531
62500	9.925068	0	0.6666666667	0.8	0.3644162944	0.3837197179	2230.84529	68.50888604
63000	9.990726	0	0.7972972973	0.8285714286	0.3644162944	0.3837197179	2230.84529	92.68275392
63500	10.056357	0	0.6615384615	0.9113924051	0.3644162944	0.3837197179	2230.84529	76.60560095
64000	10.122546	0	0.7419354839	0.743902439	0.3644162944	0.3837197179	2230.84529	78.25515789
64500	10.189706	0	0.7733333333	0.8550724638	0.3644162944	0.3837197179	2230.84529	77.17028564
65000	10.25644	0	0.7037037037	0.8253968254	0.3644162944	0.3837197179	2230.84529	77.82511491
65500	10.322866	0	0.6756756757	0.7285714286	0.3644162944	0.3837197179	2230.84529	70.90074766
66000	10.388041	0	0.7974683544	0.7846153846	0.3644162944	0.3837197179	2230.84529	74.83177698
66500	10.453028	0	0.7183098592	0.8630136986	0.3644162944	0.3837197179	2230.84529	69.59504843
67000	10.517616	0	0.8028169014	0.8767123288	0.3644162944	0.3837197179	2230.84529	83.96757871
67500	10.58351	0	0.6944444444	0.7777777778	0.3644162944	0.3837197179	2230.84529	90.82962418
68000	10.649253	0	0.8493150685	0.7323943662	0.3644162944	0.3837197179	2230.84529	75.78593838
68500	10.714884	0	0.6538461538	0.7727272727	0.3644162944	0.3837197179	2230.84529	75.38541317
69000	10.782209	0	0.7538461538	0.9240506329	0.3644162944	0.3837197179	2230.84529	84.23945975
69500	10.847581	0	0.7777777778	0.8611111111	0.3644162944	0.3837197179	2230.84529	80.79552108
70000	10.919323	0	0.7108433735	0.8852459016	0.3644162944	0.3837197179	2230.84529	72.79748935
70500	10.987443	0	0.6666666667	0.7435897436	0.3644162944	0.3837197179	2230.84529	75.15244293
71000	11.054629	0	0.890625	0.9	0.3644162944	0.3837197179	2230.84529	82.19365114
71500	11.121092	0	0.6849315068	0.7746478873	0.3644162944	0.3837197179	2230.84529	69.60547411
72000	11.187495	0	0.7619047619	0.8888888889	0.3644162944	0.3837197179	2230.84529	80.56983864
72500	11.253245	0	0.6857142857	0.8513513514	0.3644162944	0.3837197179	2230.84529	68.62732744
73000	11.319458	0	0.7419354839	0.8658536585	0.3644162944	0.3837197179	2230.84529	84.26389509
73500	11.383748	0	0.6818181818	0.8717948718	0.3644162944	0.3837197179	2230.84529	86.1238578
74000	11.448979	0	0.7462686567	0.8441558442	0.3644162944	0.3837197179	2230.84529	77.33705199
74500	11.514796	0	0.6388888889	0.8888888889	0.3644162944	0.3837197179	2230.84529	70.84756339
75000	11.580652	0	0.8	0.890625	0.3644162944	0.3837197179	2230.84529	90.62332743
75500	11.647557	0	0.6478873239	0.7397260274	0.3644162944	0.3837197179	2230.84529	74.75360858
76000	11.715339	0	0.7037037037	0.9047619048	0.3644162944	0.3837197179	2230.84529	73.29620272
76500	11.780473	0	0.7183098592	0.8356164384	0.3644162944	0.3837197179	2230.84529	83.45549399
77000	11.847179	0	0.8	0.8783783784	0.3644162944	0.3837197179	2230.84529	84.9962033
77500	11.914469	0	0.7432432432	0.8	0.3644162944	0.3837197179	2230.84529	73.55550408
78000	11.980851	0	0.7352941176	0.8421052632	0.3644162944	0.3837197179	2230.84529	66.8792606
78500	12.046928	0	0.7402597403	0.8358208955	0.3644162944	0.3837197179	2230.84529	80.11070865
79000	12.112609	0	0.6571428571	0.8108108108	0.3644162944	0.3837197179	2230.84529	71.60865504
79500	12.178295	0	0.7432432432	0.7571428571	0.3644162944	0.3837197179	2230.84529	69.42860943
80000	12.245754	0	0.8125	0.9375	0.3644162944	0.3837197179	2230.84529	91.03406483
80500	12.310095	0	0.8356164384	0.8873239437	0.3644162944	0.3837197179	2230.84529	77.53906357
81000	12.377849	0	0.78125	0.7875	0.3644162944	0.3837197179	2230.84529	73.43049377
81500	12.443795	0	0.6282051282	0.8181818182	0.3644162944	0.3837197179	2230.84529	69.71475947
82000	12.509487	0	0.7162162162	0.8571428571	0.3644162944	0.3837197179	2230.84529	83.74842072
82500	12.574538	0	0.6436781609	0.8070175439	0.3644162944	0.3837197179	2230.84529	81.35728246
83000	12.638255	0	0.7721518987	0.8	0.3644162944	0.3837197179	2230.84529	83.78113025
83500	12.703651	0	0.8028169014	0.8767123288	0.3644162944	0.3837197179	2230.84529	80.63146544
84000	12.769582	0	0.76	0.8695652174	0.3644162944	0.3837197179	2230.84529	75.03691304
84500	12.835215	0	0.7534246575	0.9295774648	0.3644162944	0.3837197179	2230.84529	90.11372817
85000	12.901644	0	0.7125	0.84375	0.3644162944	0.3837197179	2230.84529	72.21743304
85500	12.968946	0	0.7702702703	0.8285714286	0.3644162944	0.3837197179	2230.84529	76.55910891
86000	13.034747	0	0.671875	0.7875	0.3644162944	0.3837197179	2230.84529	67.70279604
86500	13.101645	0	0.6216216216	0.8	0.3644162944	0.3837197179	2230.84529	77.86401552
87000	13.168877	0	0.625	0.9305555556	0.3644162944	0.3837197179	2230.84529	72.78483528
87500	13.234125	0	0.7738095238	0.9	0.3644162944	0.3837197179	2230.84529	78.32879227
88000	13.300205	0	0.7777777778	0.9305555556	0.3644162944	0.3837197179	2230.84529	88.07840627
88500	13.366127	0	0.8591549296	0.904109589	0.3644162944	0.3837197179	2230.84529	96.47861588
89000	13.430041	0	0.7971014493	0.8266666667	0.3644162944	0.3837197179	2230.84529	94.5388236
89500	13.493811	0	0.7575757576	0.8461538462	0.3644162944	0.3837197179	2230.84529	72.96596831
90000	13.565118	0	0.7887323944	0.8767123288	0.3644162944	0.3837197179	2230.84529	80.9716031
90500	13.633011	0	0.7375	0.765625	0.3644162944	0.3837197179	2230.84529	81.75266981
91000	13.698216	0	0.7777777778	0.9305555556	0.3644162944	0.3837197179	2230.84529	83.57853436
91500	13.763497	0	0.6285714286	0.6756756757	0.3644162944	0.3837197179	2230.84529	73.33734018
92000	13.829042	0	0.6575342466	0.7183098592	0.3644162944	0.3837197179	2230.84529	76.24125564
92500	13.896817	0	0.7846153846	0.8860759494	0.3644162944	0.3837197179	2230.84529	81.00221962
93000	13.96334	0	0.6875	0.7625	0.3644162944	0.3837197179	2230.84529	79.19125307
93500	14.028477	0	0.7792207792	0.9104477612	0.3644162944	0.3837197179	2230.84529	78.53631121
94000	14.095103	0	0.7096774194	0.8292682927	0.3644162944	0.3837197179	2230.84529	71.34641546
94500	14.161299	0	0.7083333333	0.9305555556	0.3644162944	0.3837197179	2230.84529	81.51251304
95000	14.228687	0	0.7631578947	0.8676470588	0.3644162944	0.3837197179	2230.84529	72.81251556
95500	14.294731	0	0.7972972973	0.9285714286	0.3644162944	0.3837197179	2230.84529	72.84940839
96000	14.361181	0	0.6857142857	0.8378378378	0.3644162944	0.3837197179	2230.84529	89.00994754
96500	14.427926	0	0.8289473684	0.8382352941	0.3644162944	0.3837197179	2230.84529	76.37724358
97000	14.49445	0	0.6626506024	0.7868852459	0.3644162944	0.3837197179	2230.84529	76.58988225
97500	14.560088	0	0.7142857143	0.8059701493	0.3644162944	0.3837197179	2230.84529	73.80583471
98000	14.626944	0	0.8181818182	0.8507462687	0.3644162944	0.3837197179	2230.84529	77.03925353
98500	14.69254	0	0.6883116883	0.8059701493	0.3644162944	0.3837197179	2230.84529	73.23233938
99000	14.758883	0	0.7462686567	0.8961038961	0.3644162944	0.3837197179	2230.84529	86.2345742
99500	14.822488	0	0.8311688312	0.8656716418	0.3644162944	0.3837197179	2230.84529	79.59507048
100000	14.891356	0	0.7466666667	0.8260869565	0.3644162944	0.3837197179	2230.84529	81.34013045
100500	14.958109	0	0.7083333333	0.7361111111	0.3644162944	0.3837197179	2230.84529	77.18290073
101000	15.02511	0	0.72	0.8695652174	0.3644162944	0.3837197179	2230.84529	81.33960813
101500	15.090497	0	0.8630136986	0.8028169014	0.3644162944	0.3837197179	2230.84529	77.66849333
102000	15.157857	0	0.7746478873	0.8767123288	0.3644162944	0.3837197179	2230.84529	76.98026562
102500	15.225068	0	0.7333333333	0.7971014493	0.3644162944	0.3837197179	2230.84529	75.20956427
103000	15.291754	0	0.7123287671	0.8169014085	0.3644162944	0.3837197179	2230.84529	67.69554526
103500	15.358933	0	0.7391304348	0.8266666667	0.3644162944	0.3837197179	2230.84529	78.555834
104000	15.42511	0	0.7428571429	0.8918918919	0.3644162944	0.3837197179	2230.84529	87.28691065
104500	15.491451	0	0.7105263158	0.8529411765	0.3644162944	0.3837197179	2230.84529	75.5109753
105000	15.557221	0	0.8024691358	0.8412698413	0.3644162944	0.3837197179	2230.84529	82.48168266
105500	15.622507	0	0.8382352941	0.9210526316	0.3644162944	0.3837197179	2230.84529	88.83293462
106000	15.687746	0	0.5882352941	0.8157894737	0.3644162944	0.3837197179	2230.84529	84.05326867
106500	15.754507	0	0.7532467532	0.8507462687	0.3644162944	0.3837197179	2230.84529	82.35513145
107000	15.820428	0	0.7205882353	0.8684210526	0.3644162944	0.3837197179	2230.84529	65.37330008
107500	15.886723	0	0.75	0.8214285714	0.3644162944	0.3837197179	2230.84529	79.04447848
108000	15.95229	0	0.7179487179	0.8484848485	0.3644162944	0.3837197179	2230.84529	75.82888591
108500	16.017069	0	0.8243243243	0.8571428571	0.3644162944	0.3837197179	2230.84529	85.6258443
109000	16.082674	0	0.7894736842	0.7794117647	0.3644162944	0.3837197179	2230.84529	78.8312546
109500	16.148437	0	0.7945205479	0.7746478873	0.3644162944	0.3837197179	2230.84529	91.29572219
110000	16.21873	0	0.8481012658	0.9230769231	0.3644162944	0.3837197179	2230.84529	84.93644387
110500	16.284578	0	0.7671232877	0.8309859155	0.3644162944	0.3837197179	2230.84529	79.69031739
111000	16.350398	0	0.6153846154	0.7721518987	0.3644162944	0.3837197179	2230.84529	65.80066219
111500	16.417453	0	0.6301369863	0.8169014085	0.3644162944	0.3837197179	2230.84529	69.74252981
112000	16.482816	0	0.6818181818	0.8205128205	0.3644162944	0.3837197179	2230.84529	74.41057581
112500	16.548238	0	0.7903225806	0.8048780488	0.3644162944	0.3837197179	2230.84529	80.24875343
113000	16.613313	0	0.8356164384	0.8873239437	0.3644162944	0.3837197179	2230.84529	80.94913816
113500	16.679945	0	0.7777777778	0.7638888889	0.3644162944	0.3837197179	2230.84529	74.99044937
114000	16.746291	0	0.7945205479	0.8873239437	0.3644162944	0.3837197179	2230.84529	79.87896591
114500	16.812658	0	0.6724137931	0.8604651163	0.3644162944	0.3837197179	2230.84529	74.48043251
115000	16.880332	0	0.8266666667	0.8260869565	0.3644162944	0.3837197179	2230.84529	76.94959736
115500	16.94515	0	0.8115942029	0.9066666667	0.3644162944	0.3837197179	2230.84529	85.55643338
116000	17.011327	0	0.6493506494	0.8208955224	0.3644162944	0.3837197179	2230.84529	79.71397865
116500	17.078255	0	0.7464788732	0.8630136986	0.3644162944	0.3837197179	2230.84529	78.38240916
117000	17.143407	0	0.725	0.859375	0.3644162944	0.3837197179	2230.84529	95.59972483
117500	17.20754	0	0.7424242424	0.8461538462	0.3644162944	0.3837197179	2230.84529	80.50688976
118000	17.272362	0	0.7763157895	0.7941176471	0.3644162944	0.3837197179	2230.84529	82.70776516
118500	17.338488	0	0.6533333333	0.8405797101	0.3644162944	0.3837197179	2230.84529	73.71535337
119000	17.405005	0	0.7764705882	0.7288135593	0.3644162944	0.3837197179	2230.84529	71.42338812
119500	17.472672	0	0.575	0.65625	0.3644162944	0.3837197179	2230.84529	70.79891896
120000	17.54143	0	0.7638888889	0.8611111111	0.3644162944	0.3837197179	2230.84529	74.78326118
120500	17.607671	0	0.7662337662	0.8507462687	0.3644162944	0.3837197179	2230.84529	81.28915292
121000	17.673408	0	0.8101265823	0.8461538462	0.3644162944	0.3837197179	2230.84529	78.52779287
121500	17.740153	0	0.6307692308	0.7594936709	0.3644162944	0.3837197179	2230.84529	72.11260527
122000	17.806223	0	0.7826086957	0.8	0.3644162944	0.3837197179	2230.84529	69.815525
122500	17.873061	0	0.7792207792	0.8059701493	0.3644162944	0.3837197179	2230.84529	83.77979434
123000	17.937177	0	0.796875	0.85	0.3644162944	0.3837197179	2230.84529	78.93450671
123500	18.002811	0	0.7162162162	0.7714285714	0.3644162944	0.3837197179	2230.84529	79.17292929
124000	18.069442	0	0.661971831	0.8630136986	0.3644162944	0.3837197179	2230.84529	77.52258718
124500	18.134734	0	0.6875	0.8625	0.3644162944	0.3837197179	2230.84529	77.8106474
125000	18.200181	0	0.5714285714	0.8648648649	0.3644162944	0.3837197179	2230.84529	73.64808196
125500	18.266189	0	0.7719298246	0.8505747126	0.3644162944	0.3837197179	2230.84529	76.98490447
126000	18.333163	0	0.6582278481	0.8461538462	0.3644162944	0.3837197179	2230.84529	81.36185122
126500	18.400152	0	0.8208955224	0.8441558442	0.3644162944	0.3837197179	2230.84529	62.22525012
127000	18.467174	0	0.7	0.7972972973	0.3644162944	0.3837197179	2230.84529	69.75000703
127500	18.534634	0	0.8142857143	0.8648648649	0.3644162944	0.3837197179	2230.84529	80.03095692
128000	18.599267	0	0.8484848485	0.9102564103	0.3644162944	0.3837197179	2230.84529	86.89760405
128500	18.665354	0	0.8059701493	0.8571428571	0.3644162944	0.3837197179	2230.84529	80.0490725
129000	18.733184	0	0.7105263158	0.8088235294	0.3644162944	0.3837197179	2230.84529	76.83285069
129500	18.801436	0	0.5294117647	0.7368421053	0.3644162944	0.3837197179	2230.84529	67.29139739
130000	18.873831	0	0.7692307692	0.8939393939	0.3644162944	0.3837197179	2230.84529	69.08390313
130500	18.942211	0	0.7462686567	0.9220779221	0.3644162944	0.3837197179	2230.84529	90.9863463
131000	19.006714	0	0.6875	0.921875	0.3644162944	0.3837197179	2230.84529	86.0875957
131500	19.072152	0	0.8142857143	0.9324324324	0.3644162944	0.3837197179	2230.84529	94.24535513
132000	19.139327	0	0.7704918033	0.8192771084	0.3644162944	0.3837197179	2230.84529	69.70102268
132500	19.205724	0	0.7571428571	0.8243243243	0.3644162944	0.3837197179	2230.84529	92.16436613
133000	19.27142	0	0.6617647059	0.7894736842	0.3644162944	0.3837197179	2230.84529	71.54157668
133500	19.338278	0	0.8289473684	0.8382352941	0.3644162944	0.3837197179	2230.84529	76.6527949
134000	19.406488	0	0.7297297297	0.8714285714	0.3644162944	0.3837197179	2230.84529	79.10439008
134500	19.473104	0	0.7317073171	0.8225806452	0.3644162944	0.3837197179	2230.84529	73.9341287
135000	19.538341	0	0.7258064516	0.7804878049	0.3644162944	0.3837197179	2230.84529	73.04041547
135500	19.603719	0	0.7397260274	0.8169014085	0.3644162944	0.3837197179	2230.84529	83.29911572
136000	19.670031	0	0.6956521739	0.84	0.3644162944	0.3837197179	2230.84529	91.46761698
136500	19.734345	0	0.7121212121	0.858974359	0.3644162944	0.3837197179	2230.84529	81.74061298
137000	19.800476	0	0.652173913	0.9333333333	0.3644162944	0.3837197179	2230.84529	81.83359534
137500	19.867112	0	0.746835443	0.8153846154	0.3644162944	0.3837197179	2230.84529	76.69683123
138000	19.933835	0	0.7638888889	0.9444444444	0.3644162944	0.3837197179	2230.84529	76.45107496
138500	19.999374	0	0.6233766234	0.9104477612	0.3644162944	0.3837197179	2230.84529	79.35217631
139000	20.066789	0	0.8169014085	0.8767123288	0.3644162944	0.3837197179	2230.84529	85.25561041
139500	20.133525	0	0.8076923077	0.8939393939	0.3644162944	0.3837197179	2230.84529	81.83743829
140000	20.202793	0	0.7205882353	0.8421052632	0.3644162944	0.3837197179	2230.84529	86.35905135
140500	20.268801	0	0.7294117647	0.813559322	0.3644162944	0.3837197179	2230.84529	84.58886266
141000	20.334653	0	0.7105263158	0.8088235294	0.3644162944	0.3837197179	2230.84529	81.2109012
141500	20.400599	0	0.7066666667	0.884057971	0.3644162944	0.3837197179	2230.84529	69.21786445
142000	20.467413	0	0.7916666667	0.875	0.3644162944	0.3837197179	2230.84529	86.40486717
142500	20.533882	0	0.6388888889	0.8472222222	0.3644162944	0.3837197179	2230.84529	75.35336339
143000	20.599631	0	0.8028169014	0.8904109589	0.3644162944	0.3837197179	2230.84529	90.65046751
143500	20.664432	0	0.8026315789	0.9264705882	0.3644162944	0.3837197179	2230.84529	77.89816529
144000	20.731849	0	0.8028169014	0.904109589	0.3644162944	0.3837197179	2230.84529	71.44715995
144500	20.798158	0	0.7391304348	0.88	0.3644162944	0.3837197179	2230.84529	70.9250083
145000	20.866852	0	0.6478873239	0.6849315068	0.3644162944	0.3837197179	2230.84529	64.91649902
145500	20.933949	0	0.6301369863	0.7887323944	0.3644162944	0.3837197179	2230.84529	66.76490736
146000	21.001297	0	0.6901408451	0.7945205479	0.3644162944	0.3837197179	2230.84529	70.78321308
146500	21.067265	0	0.7285714286	0.8783783784	0.3644162944	0.3837197179	2230.84529	81.12023801
147000	21.134438	0	0.6	0.7536231884	0.3644162944	0.3837197179	2230.84529	65.05614209
147500	21.200801	0	0.7419354839	0.8902439024	0.3644162944	0.3837197179	2230.84529	71.702241
148000	21.266502	0	0.8125	0.825	0.3644162944	0.3837197179	2230.84529	90.081608
148500	21.330908	0	0.7246376812	0.68	0.3644162944	0.3837197179	2230.84529	91.85986441
149000	21.396563	0	0.7236842105	0.9558823529	0.3644162944	0.3837197179	2230.84529	77.28845578
149500	21.463423	0	0.7638888889	0.8194444444	0.3644162944	0.3837197179	2230.84529	80.52629781
150000	21.535944	0	0.6973684211	0.8382352941	0.3644162944	0.3837197179	2230.84529	74.05067468
150500	21.601825	0	0.676056338	0.8767123288	0.3644162944	0.3837197179	2230.84529	79.32977003
151000	21.667333	0	0.765625	0.7875	0.3644162944	0.3837197179	2230.84529	77.69723129
151500	21.733055	0	0.7763157895	0.8676470588	0.3644162944	0.3837197179	2230.84529	75.26583368
152000	21.800726	0	0.7049180328	0.9036144578	0.3644162944	0.3837197179	2230.84529	80.79313684
152500	21.865598	0	0.8550724638	0.9333333333	0.3644162944	0.3837197179	2230.84529	85.99930799
153000	21.930416	0	0.7049180328	0.8554216867	0.3644162944	0.3837197179	2230.84529	68.62630188
153500	21.998281	0	0.7307692308	0.7878787879	0.3644162944	0.3837197179	2230.84529	71.56770003
154000	22.065095	0	0.8205128205	0.9090909091	0.3644162944	0.3837197179	2230.84529	72.74872148
154500	22.130487	0	0.7215189873	0.8307692308	0.3644162944	0.3837197179	2230.84529	79.39766765
155000	22.195679	0	0.7384615385	0.8987341772	0.3644162944	0.3837197179	2230.84529	83.39753616
155500	22.261713	0	0.6615384615	0.7215189873	0.3644162944	0.3837197179	2230.84529	66.93414396
156000	22.328023	0	0.7272727273	0.8974358974	0.3644162944	0.3837197179	2230.84529	76.18226743
156500	22.394348	0	0.7323943662	0.8493150685	0.3644162944	0.3837197179	2230.84529	71.82991695
157000	22.460923	0	0.796875	0.775	0.3644162944	0.3837197179	2230.84529	66.78746063
157500	22.527547	0	0.8059701493	0.8181818182	0.3644162944	0.3837197179	2230.84529	77.31706107
158000	22.594333	0	0.6885245902	0.8674698795	0.3644162944	0.3837197179	2230.84529	70.41323394
158500	22.659387	0	0.7246376812	0.9066666667	0.3644162944	0.3837197179	2230.84529	83.66095412
159000	22.725967	0	0.7910447761	0.7532467532	0.3644162944	0.3837197179	2230.84529	80.78787392
159500	22.79072	0	0.7536231884	0.8933333333	0.3644162944	0.3837197179	2230.84529	88.65658444
160000	22.858473	0	0.7142857143	0.7837837838	0.3644162944	0.3837197179	2230.84529	78.78464013
160500	22.924027	0	0.7906976744	0.775862069	0.3644162944	0.3837197179	2230.84529	75.31252217
161000	22.989989	0	0.7534246575	0.8450704225	0.3644162944	0.3837197179	2230.84529	75.03028041
161500	23.056502	0	0.7258064516	0.8780487805	0.3644162944	0.3837197179	2230.84529	79.84065205
162000	23.122838	0	0.72	0.8985507246	0.3644162944	0.3837197179	2230.84529	77.90221381
162500	23.189029	0	0.8028169014	0.8082191781	0.3644162944	0.3837197179	2230.84529	85.44920743
163000	23.255748	0	0.7875	0.921875	0.3644162944	0.3837197179	2230.84529	83.43771732
163500	23.320954	0	0.7313432836	0.8961038961	0.3644162944	0.3837197179	2230.84529	87.04234278
164000	23.387114	0	0.7142857143	0.9324324324	0.3644162944	0.3837197179	2230.84529	80.85634017
164500	23.453535	0	0.6891891892	0.8857142857	0.3644162944	0.3837197179	2230.84529	76.52314818
165000	23.519304	0	0.7571428571	0.9054054054	0.3644162944	0.3837197179	2230.84529	73.81012964
165500	23.587178	0	0.7733333333	0.8115942029	0.3644162944	0.3837197179	2230.84529	69.31841189
166000	23.654756	0	0.7916666667	0.9305555556	0.3644162944	0.3837197179	2230.84529	82.67083985
166500	23.719695	0	0.6956521739	0.8933333333	0.3644162944	0.3837197179	2230.84529	79.75983661
167000	23.786595	0	0.7361111111	0.8333333333	0.3644162944	0.3837197179	2230.84529	69.24561834
167500	23.852545	0	0.7162162162	0.8714285714	0.3644162944	0.3837197179	2230.84529	81.46385092
168000	23.919095	0	0.6623376623	0.8805970149	0.3644162944	0.3837197179	2230.84529	80.19465673
168500	23.985236	0	0.6710526316	0.9117647059	0.3644162944	0.3837197179	2230.84529	75.97858578
169000	24.052139	0	0.7027027027	0.8142857143	0.3644162944	0.3837197179	2230.84529	81.94876903
169500	24.118054	0	0.8266666667	0.8985507246	0.3644162944	0.3837197179	2230.84529	74.14325231
170000	24.189148	0	0.7530864198	0.8571428571	0.3644162944	0.3837197179	2230.84529	82.38264155
170500	24.25546	0	0.68	0.9275362319	0.3644162944	0.3837197179	2230.84529	77.02663261
171000	24.322309	0	0.4666666667	0.6904761905	0.3644162944	0.3837197179	2230.84529	69.77582055
171500	24.389723	0	0.7727272727	0.8205128205	0.3644162944	0.3837197179	2230.84529	83.8920626
172000	24.456474	0	0.7285714286	0.8918918919	0.3644162944	0.3837197179	2230.84529	77.32235396
172500	24.522177	0	0.7590361446	0.8852459016	0.3644162944	0.3837197179	2230.84529	87.41116703
173000	24.587442	0	0.7096774194	0.8780487805	0.3644162944	0.3837197179	2230.84529	71.30179518
173500	24.655198	0	0.8405797101	0.88	0.3644162944	0.3837197179	2230.84529	90.14749527
174000	24.719807	0	0.8076923077	0.9545454545	0.3644162944	0.3837197179	2230.84529	89.57944453
174500	24.784542	0	0.8	0.9324324324	0.3644162944	0.3837197179	2230.84529	89.84401172
175000	24.85133	0	0.675	0.8125	0.3644162944	0.3837197179	2230.84529	70.34245145
175500	24.918074	0	0.828125	0.8625	0.3644162944	0.3837197179	2230.84529	75.77585614
176000	24.984536	0	0.7230769231	0.8607594937	0.3644162944	0.3837197179	2230.84529	80.9330067
176500	25.050044	0	0.6909090909	0.8539325843	0.3644162944	0.3837197179	2230.84529	81.2608375
177000	25.114639	0	0.7407407407	0.8253968254	0.3644162944	0.3837197179	2230.84529	80.0030275
177500	25.180418	0	0.7532467532	0.8358208955	0.3644162944	0.3837197179	2230.84529	87.22247994
178000	25.245363	0	0.6721311475	0.8795180723	0.3644162944	0.3837197179	2230.84529	78.95589507
178500	25.311074	0	0.71875	0.875	0.3644162944	0.3837197179	2230.84529	87.31128055
179000	25.377499	0	0.6428571429	0.7702702703	0.3644162944	0.3837197179	2230.84529	73.64230382
179500	25.443419	0	0.6707317073	0.8548387097	0.3644162944	0.3837197179	2230.84529	77.36182499
180000	25.514874	0	0.8309859155	0.8630136986	0.3644162944	0.3837197179	2230.84529	90.53683829
180500	25.582363	0	0.7435897436	0.8787878788	0.3644162944	0.3837197179	2230.84529	73.11809868
181000	25.650694	0	0.7118644068	0.7882352941	0.3644162944	0.3837197179	2230.84529	80.56951106
181500	25.717017	0	0.7083333333	0.9027777778	0.3644162944	0.3837197179	2230.84529	82.36563182
182000	25.783207	0	0.8219178082	0.9718309859	0.3644162944	0.3837197179	2230.84529	96.16290802
182500	25.848271	0	0.6393442623	0.7710843373	0.3644162944	0.3837197179	2230.84529	82.73299998
183000	25.914712	0	0.661971831	0.7534246575	0.3644162944	0.3837197179	2230.84529	74.70924246
183500	25.981547	0	0.7402597403	0.7164179104	0.3644162944	0.3837197179	2230.84529	74.31833339
184000	26.047603	0	0.8	0.8405797101	0.3644162944	0.3837197179	2230.84529	81.88680011
184500	26.112894	0	0.72	0.8550724638	0.3644162944	0.3837197179	2230.84529	72.91529936
185000	26.17849	0	0.734375	0.8875	0.3644162944	0.3837197179	2230.84529	73.05833626
185500	26.243954	0	0.7162162162	0.8285714286	0.3644162944	0.3837197179	2230.84529	70.1206547
186000	26.310332	0	0.7866666667	0.9275362319	0.3644162944	0.3837197179	2230.84529	87.35140651
186500	26.377235	0	0.6779661017	0.7882352941	0.3644162944	0.3837197179	2230.84529	89.06393689
187000	26.4432	0	0.6956521739	0.9333333333	0.3644162944	0.3837197179	2230.84529	81.11247683
187500	26.508857	0	0.8358208955	0.9480519481	0.3644162944	0.3837197179	2230.84529	82.27516639
188000	26.575055	0	0.734375	0.8125	0.3644162944	0.3837197179	2230.84529	75.5981198
188500	26.641478	0	0.8153846154	0.8987341772	0.3644162944	0.3837197179	2230.84529	86.57413787
189000	26.706933	0	0.7361111111	0.8611111111	0.3644162944	0.3837197179	2230.84529	84.56045103
189500	26.771826	0	0.7384615385	0.8227848101	0.3644162944	0.3837197179	2230.84529	88.00048882
190000	26.839286	0	0.6478873239	0.7534246575	0.3644162944	0.3837197179	2230.84529	72.70888859
190500	26.904176	0	0.7272727273	0.7564102564	0.3644162944	0.3837197179	2230.84529	76.92787331
191000	26.969067	0	0.6666666667	0.84	0.3644162944	0.3837197179	2230.84529	74.27687442
191500	27.035325	0	0.7142857143	0.7702702703	0.3644162944	0.3837197179	2230.84529	72.45310766
192000	27.101609	0	0.6212121212	0.7820512821	0.3644162944	0.3837197179	2230.84529	84.53962451
192500	27.167373	0	0.7808219178	0.8169014085	0.3644162944	0.3837197179	2230.84529	70.93445224
193000	27.234728	0	0.6842105263	0.8676470588	0.3644162944	0.3837197179	2230.84529	73.1259979
193500	27.300045	0	0.6216216216	0.8142857143	0.3644162944	0.3837197179	2230.84529	73.84228653
194000	27.365751	0	0.7027027027	0.8285714286	0.3644162944	0.3837197179	2230.84529	90.74442786
194500	27.430268	0	0.7424242424	0.8076923077	0.3644162944	0.3837197179	2230.84529	80.05711257
195000	27.496077	0	0.552238806	0.8701298701	0.3644162944	0.3837197179	2230.84529	74.76761627
195500	27.56253	0	0.8208955224	0.8571428571	0.3644162944	0.3837197179	2230.84529	74.3933351
196000	27.628131	0	0.8260869565	0.9066666667	0.3644162944	0.3837197179	2230.84529	79.78773576
196500	27.694763	0	0.6825396825	0.8765432099	0.3644162944	0.3837197179	2230.84529	78.77846509
197000	27.762064	0	0.5974025974	0.7462686567	0.3644162944	0.3837197179	2230.84529	67.02420944
197500	27.829631	0	0.6811594203	0.8133333333	0.3644162944	0.3837197179	2230.84529	83.15933233
198000	27.895614	0	0.6849315068	0.8873239437	0.3644162944	0.3837197179	2230.84529	79.50315529
198500	27.960986	0	0.7424242424	0.8461538462	0.3644162944	0.3837197179	2230.84529	82.14907122
199000	28.025985	0	0.7222222222	0.9166666667	0.3644162944	0.3837197179	2230.84529	83.45360106
199500	28.091109	0	0.7692307692	0.8987341772	0.3644162944	0.3837197179	2230.84529	80.61798596
200000	28.161655	0	0.8208955224	0.8701298701	0.3644162944	0.3837197179	2230.84529	77.3796562
200500	28.227854	0	0.7352941176	0.8947368421	0.3644162944	0.3837197179	2230.84529	94.08243215
201000	28.293578	0	0.6578947368	0.8382352941	0.3644162944	0.3837197179	2230.84529	71.99206239
201500	28.359019	0	0.7530864198	0.9047619048	0.3644162944	0.3837197179	2230.84529	75.03943235
202000	28.42432	0	0.8571428571	0.8783783784	0.3644162944	0.3837197179	2230.84529	96.3127284
202500	28.490272	0	0.7407407407	0.8095238095	0.3644162944	0.3837197179	2230.84529	82.82233745
203000	28.556323	0	0.8918918919	0.7857142857	0.3644162944	0.3837197179	2230.84529	81.55632257
203500	28.622333	0	0.7435897436	0.8636363636	0.3644162944	0.3837197179	2230.84529	72.51630348
204000	28.688154	0	0.8837209302	0.8275862069	0.3644162944	0.3837197179	2230.84529	86.71701598
204500	28.753357	0	0.8028169014	0.7671232877	0.3644162944	0.3837197179	2230.84529	79.67772841
205000	28.818408	0	0.7638888889	0.9027777778	0.3644162944	0.3837197179	2230.84529	83.92080337
205500	28.884981	0	0.7638888889	0.9444444444	0.3644162944	0.3837197179	2230.84529	91.21868092
206000	28.94944	0	0.7183098592	0.8219178082	0.3644162944	0.3837197179	2230.84529	72.62232542
206500	29.015784	0	0.7575757576	0.7820512821	0.3644162944	0.3837197179	2230.84529	81.63615209
207000	29.08402	0	0.7391304348	0.84	0.3644162944	0.3837197179	2230.84529	83.46098155
207500	29.150185	0	0.7424242424	0.7820512821	0.3644162944	0.3837197179	2230.84529	71.17779481
208000	29.217851	0	0.6714285714	0.8918918919	0.3644162944	0.3837197179	2230.84529	78.87487131
208500	29.283212	0	0.6315789474	0.7205882353	0.3644162944	0.3837197179	2230.84529	76.22816956
209000	29.349622	0	0.746835443	0.7846153846	0.3644162944	0.3837197179	2230.84529	78.3574453
209500	29.415772	0	0.8133333333	0.8405797101	0.3644162944	0.3837197179	2230.84529	75.33636141
210000	29.487716	0	0.7260273973	0.8309859155	0.3644162944	0.3837197179	2230.84529	82.11436027
210500	29.557818	0	0.698630137	0.7746478873	0.3644162944	0.3837197179	2230.84529	72.47458386
211000	29.624449	0	0.6923076923	0.8607594937	0.3644162944	0.3837197179	2230.84529	80.45229536
211500	29.689392	0	0.7972972973	0.9428571429	0.3644162944	0.3837197179	2230.84529	77.56596243
212000	29.756337	0	0.7792207792	0.8656716418	0.3644162944	0.3837197179	2230.84529	69.26222044
212500	29.824684	0	0.75	0.8157894737	0.3644162944	0.3837197179	2230.84529	69.05127895
213000	29.891731	0	0.7162162162	0.8285714286	0.3644162944	0.3837197179	2230.84529	85.25061876
213500	29.956334	0	0.7536231884	0.8533333333	0.3644162944	0.3837197179	2230.84529	78.35460538
214000	30.022178	0	0.875	0.85	0.3644162944	0.3837197179	2230.84529	76.96912771
214500	30.087888	0	0.7910447761	0.8051948052	0.3644162944	0.3837197179	2230.84529	87.97891891
215000	30.152663	0	0.7837837838	0.8857142857	0.3644162944	0.3837197179	2230.84529	84.4859544
215500	30.217587	0	0.7868852459	0.8192771084	0.3644162944	0.3837197179	2230.84529	90.3502453
216000	30.283818	0	0.7605633803	0.9178082192	0.3644162944	0.3837197179	2230.84529	76.45966625
216500	30.350949	0	0.625	0.8375	0.3644162944	0.3837197179	2230.84529	70.42092776
217000	30.416999	0	0.7575757576	0.858974359	0.3644162944	0.3837197179	2230.84529	76.18573558
217500	30.482717	0	0.8125	0.859375	0.3644162944	0.3837197179	2230.84529	91.19227165
218000	30.546438	0	0.6849315068	0.8732394366	0.3644162944	0.3837197179	2230.84529	79.07634622
218500	30.611508	0	0.7857142857	0.9054054054	0.3644162944	0.3837197179	2230.84529	80.96804392
219000	30.677445	0	0.7230769231	0.7594936709	0.3644162944	0.3837197179	2230.84529	76.1465894
219500	30.74417	0	0.7407407407	0.8571428571	0.3644162944	0.3837197179	2230.84529	80.5419327
220000	30.814695	0	0.7826086957	0.8133333333	0.3644162944	0.3837197179	2230.84529	65.82614475
220500	30.884426	0	0.7746478873	0.9178082192	0.3644162944	0.3837197179	2230.84529	84.72125709
221000	30.95076	0	0.7746478873	0.8219178082	0.3644162944	0.3837197179	2230.84529	76.03825265
221500	31.016175	0	0.671875	0.85	0.3644162944	0.3837197179	2230.84529	72.37103313
222000	31.081123	0	0.7901234568	0.9365079365	0.3644162944	0.3837197179	2230.84529	85.33299786
222500	31.146889	0	0.768115942	0.92	0.3644162944	0.3837197179	2230.84529	78.14139521
223000	31.212772	0	0.652173913	0.8533333333	0.3644162944	0.3837197179	2230.84529	70.64459485
223500	31.280614	0	0.696969697	0.8461538462	0.3644162944	0.3837197179	2230.84529	72.81486058
224000	31.34798	0	0.7428571429	0.8783783784	0.3644162944	0.3837197179	2230.84529	73.26514202
224500	31.413746	0	0.7571428571	0.7567567568	0.3644162944	0.3837197179	2230.84529	80.94337612
225000	31.480044	0	0.7011494253	0.8596491228	0.3644162944	0.3837197179	2230.84529	63.19827807
225500	31.547734	0	0.6956521739	0.8666666667	0.3644162944	0.3837197179	2230.84529	74.18149132
226000	31.612947	0	0.8266666667	0.8260869565	0.3644162944	0.3837197179	2230.84529	78.28325152
226500	31.680714	0	0.6081081081	0.8428571429	0.3644162944	0.3837197179	2230.84529	61.72519326
227000	31.748419	0	0.6533333333	0.8695652174	0.3644162944	0.3837197179	2230.84529	72.57946974
227500	31.815407	0	0.8676470588	0.8684210526	0.3644162944	0.3837197179	2230.84529	73.15872192
228000	31.881383	0	0.724137931	0.8604651163	0.3644162944	0.3837197179	2230.84529	83.66032898
228500	31.94608	0	0.7647058824	0.8421052632	0.3644162944	0.3837197179	2230.84529	93.39607561
229000	32.010865	0	0.6478873239	0.7808219178	0.3644162944	0.3837197179	2230.84529	70.03747147
229500	32.076536	0	0.7285714286	0.9324324324	0.3644162944	0.3837197179	2230.84529	84.25994903
230000	32.143882	0	0.78125	0.725	0.3644162944	0.3837197179	2230.84529	76.0647198
230500	32.208461	0	0.7534246575	0.7746478873	0.3644162944	0.3837197179	2230.84529	78.44615918
231000	32.275481	0	0.7666666667	0.8928571429	0.3644162944	0.3837197179	2230.84529	77.47643214
231500	32.343363	0	0.71875	0.7875	0.3644162944	0.3837197179	2230.84529	70.40071356
232000	32.409586	0	0.6666666667	0.8266666667	0.3644162944	0.3837197179	2230.84529	78.32584333
232500	32.475264	0	0.8157894737	0.8970588235	0.3644162944	0.3837197179	2230.84529	86.12188762
233000	32.542078	0	0.6617647059	0.8552631579	0.3644162944	0.3837197179	2230.84529	80.74276942
233500	32.607624	0	0.7692307692	0.8333333333	0.3644162944	0.3837197179	2230.84529	77.7202217
234000	32.673125	0	0.6756756757	0.8142857143	0.3644162944	0.3837197179	2230.84529	88.88710314
234500	32.738292	0	0.6615384615	0.8481012658	0.3644162944	0.3837197179	2230.84529	73.78016257
235000	32.803514	0	0.7837837838	0.8714285714	0.3644162944	0.3837197179	2230.84529	77.82197142
235500	32.869459	0	0.7	0.8095238095	0.3644162944	0.3837197179	2230.84529	74.8095476
236000	32.935854	0	0.7088607595	0.7846153846	0.3644162944	0.3837197179	2230.84529	73.60931408
236500	33.00185	0	0.7796610169	0.8941176471	0.3644162944	0.3837197179	2230.84529	78.62351501
237000	33.068037	0	0.7323943662	0.9315068493	0.3644162944	0.3837197179	2230.84529	74.53233504
237500	33.135289	0	0.6727272727	0.8426966292	0.3644162944	0.3837197179	2230.84529	81.45303768
238000	33.201716	0	0.7671232877	0.8309859155	0.3644162944	0.3837197179	2230.84529	78.56858218
238500	33.268324	0	0.8076923077	0.7727272727	0.3644162944	0.3837197179	2230.84529	78.22220874
239000	33.334075	0	0.746031746	0.8395061728	0.3644162944	0.3837197179	2230.84529	88.13365167
239500	33.3993	0	0.7088607595	0.9230769231	0.3644162944	0.3837197179	2230.84529	83.77217531
240000	33.470864	0	0.6756756757	0.9	0.3644162944	0.3837197179	2230.84529	78.5302794
240500	33.53662	0	0.65625	0.775	0.3644162944	0.3837197179	2230.84529	75.80199999
241000	33.603342	0	0.84375	0.9125	0.3644162944	0.3837197179	2230.84529	84.46925813
241500	33.670702	0	0.6811594203	0.7466666667	0.3644162944	0.3837197179	2230.84529	72.70087814
242000	33.736924	0	0.6811594203	0.8	0.3644162944	0.3837197179	2230.84529	65.32410073
242500	33.803168	0	0.7027027027	0.8428571429	0.3644162944	0.3837197179	2230.84529	72.18205118
243000	33.869656	0	0.696969697	0.9102564103	0.3644162944	0.3837197179	2230.84529	84.96952558
243500	33.93659	0	0.8048780488	0.8548387097	0.3644162944	0.3837197179	2230.84529	79.02661872
244000	34.001622	0	0.6857142857	0.8783783784	0.3644162944	0.3837197179	2230.84529	85.60215688
244500	34.067713	0	0.7826086957	0.8266666667	0.3644162944	0.3837197179	2230.84529	80.23304009
245000	34.133496	0	0.6323529412	0.75	0.3644162944	0.3837197179	2230.84529	61.93553925
245500	34.200274	0	0.6666666667	0.8695652174	0.3644162944	0.3837197179	2230.84529	86.48911011
246000	34.265665	0	0.8	0.8378378378	0.3644162944	0.3837197179	2230.84529	84.48094612
246500	34.331702	0	0.7894736842	0.8529411765	0.3644162944	0.3837197179	2230.84529	76.2580564
247000	34.399963	0	0.768115942	0.6933333333	0.3644162944	0.3837197179	2230.84529	79.17301458
247500	34.46708	0	0.7534246575	0.7887323944	0.3644162944	0.3837197179	2230.84529	76.92164797
248000	34.534227	0	0.7	0.7380952381	0.3644162944	0.3837197179	2230.84529	86.18986607
248500	34.600341	0	0.6271186441	0.8941176471	0.3644162944	0.3837197179	2230.84529	76.57529211
249000	34.668188	0	0.7647058824	0.8815789474	0.3644162944	0.3837197179	2230.84529	77.66824165
249500	34.735023	0	0.7384615385	0.7848101266	0.3644162944	0.3837197179	2230.84529	76.87181979
250000	34.804854	0	0.7878787879	0.8076923077	0.3644162944	0.3837197179	2230.84529	77.58213836
250500	34.873203	0	0.7662337662	0.8208955224	0.3644162944	0.3837197179	2230.84529	70.07738274
251000	34.939356	0	0.6973684211	0.8382352941	0.3644162944	0.3837197179	2230.84529	75.44430399
251500	35.005198	0	0.7671232877	0.8732394366	0.3644162944	0.3837197179	2230.84529	74.7297399
252000	35.070093	0	0.7638888889	0.8888888889	0.3644162944	0.3837197179	2230.84529	90.88236398
252500	35.135916	0	0.8571428571	0.8783783784	0.3644162944	0.3837197179	2230.84529	78.27585602
253000	35.202286	0	0.675	0.796875	0.3644162944	0.3837197179	2230.84529	69.03116351
253500	35.269329	0	0.7538461538	0.8734177215	0.3644162944	0.3837197179	2230.84529	84.43690687
254000	35.334277	0	0.796875	0.825	0.3644162944	0.3837197179	2230.84529	83.42624527
254500	35.400904	0	0.7285714286	0.8243243243	0.3644162944	0.3837197179	2230.84529	82.38849276
255000	35.467769	0	0.8421052632	0.9117647059	0.3644162944	0.3837197179	2230.84529	81.77581626
255500	35.534177	0	0.8235294118	0.8157894737	0.3644162944	0.3837197179	2230.84529	74.81916648
256000	35.600704	0	0.7571428571	0.7837837838	0.3644162944	0.3837197179	2230.84529	78.08839166
256500	35.666392	0	0.661971831	0.8767123288	0.3644162944	0.3837197179	2230.84529	89.87691694
257000	35.730569	0	0.8695652174	0.8933333333	0.3644162944	0.3837197179	2230.84529	86.66913748
257500	35.797024	0	0.8095238095	0.8395061728	0.3644162944	0.3837197179	2230.84529	77.53261894
258000	35.8624	0	0.7738095238	0.9166666667	0.3644162944	0.3837197179	2230.84529	79.96154201
258500	35.926446	0	0.698630137	0.8732394366	0.3644162944	0.3837197179	2230.84529	79.19845647
259000	35.993775	0	0.7428571429	0.9054054054	0.3644162944	0.3837197179	2230.84529	80.84997034
259500	36.06031	0	0.8194444444	0.7916666667	0.3644162944	0.3837197179	2230.84529	78.01099098
260000	36.130919	0	0.7101449275	0.84	0.3644162944	0.3837197179	2230.84529	79.46562934
260500	36.201817	0	0.7205882353	0.6315789474	0.3644162944	0.3837197179	2230.84529	71.00143957
261000	36.267392	0	0.7230769231	0.7974683544	0.3644162944	0.3837197179	2230.84529	79.70334631
261500	36.333058	0	0.7692307692	0.8181818182	0.3644162944	0.3837197179	2230.84529	70.74684131
262000	36.398435	0	0.7826086957	0.84	0.3644162944	0.3837197179	2230.84529	74.17357606
262500	36.464015	0	0.6753246753	0.7910447761	0.3644162944	0.3837197179	2230.84529	72.76005882
263000	36.529775	0	0.7804878049	0.8064516129	0.3644162944	0.3837197179	2230.84529	77.93138987
263500	36.594806	0	0.75	0.8055555556	0.3644162944	0.3837197179	2230.84529	79.17876363
264000	36.661356	0	0.671641791	0.8831168831	0.3644162944	0.3837197179	2230.84529	81.73575139
264500	36.727619	0	0.7746478873	0.8767123288	0.3644162944	0.3837197179	2230.84529	94.43592173
265000	36.794429	0	0.7857142857	0.8108108108	0.3644162944	0.3837197179	2230.84529	70.74956739
265500	36.859759	0	0.8987341772	0.9230769231	0.3644162944	0.3837197179	2230.84529	98.92665881
266000	36.925029	0	0.7837837838	0.7714285714	0.3644162944	0.3837197179	2230.84529	75.62664506
266500	36.991075	0	0.8072289157	0.8360655738	0.3644162944	0.3837197179	2230.84529	74.04247737
267000	37.057446	0	0.7162162162	0.8142857143	0.3644162944	0.3837197179	2230.84529	80.55693942
267500	37.123731	0	0.7466666667	0.8550724638	0.3644162944	0.3837197179	2230.84529	72.88916439
268000	37.191163	0	0.7123287671	0.8309859155	0.3644162944	0.3837197179	2230.84529	68.22049826
268500	37.258274	0	0.6506024096	0.9016393443	0.3644162944	0.3837197179	2230.84529	78.77003223
269000	37.324513	0	0.7142857143	0.8918918919	0.3644162944	0.3837197179	2230.84529	86.38680232
269500	37.389205	0	0.7631578947	0.8970588235	0.3644162944	0.3837197179	2230.84529	84.82361656
270000	37.455994	0	0.7692307692	0.8333333333	0.3644162944	0.3837197179	2230.84529	76.57076609
270500	37.522582	0	0.7882352941	0.8474576271	0.3644162944	0.3837197179	2230.84529	85.24108124
271000	37.587995	0	0.6764705882	0.8289473684	0.3644162944	0.3837197179	2230.84529	74.9773612
271500	37.654319	0	0.7	0.7619047619	0.3644162944	0.3837197179	2230.84529	77.13269198
272000	37.72129	0	0.7631578947	0.7941176471	0.3644162944	0.3837197179	2230.84529	91.30316448
272500	37.785646	0	0.7076923077	0.8987341772	0.3644162944	0.3837197179	2230.84529	90.3026132
273000	37.851071	0	0.8405797101	0.84	0.3644162944	0.3837197179	2230.84529	87.021617
273500	37.917151	0	0.7142857143	0.8243243243	0.3644162944	0.3837197179	2230.84529	81.7759428
274000	37.981929	0	0.6911764706	0.8421052632	0.3644162944	0.3837197179	2230.84529	79.84202814
274500	38.048082	0	0.6231884058	0.7333333333	0.3644162944	0.3837197179	2230.84529	73.27626497
275000	38.11462	0	0.7567567568	0.8714285714	0.3644162944	0.3837197179	2230.84529	81.14452565
275500	38.179737	0	0.7407407407	0.8412698413	0.3644162944	0.3837197179	2230.84529	82.12455451
276000	38.244751	0	0.7105263158	0.7205882353	0.3644162944	0.3837197179	2230.84529	79.13120681
276500	38.311925	0	0.7882352941	0.8644067797	0.3644162944	0.3837197179	2230.84529	78.29877967
277000	38.379513	0	0.7258064516	0.9146341463	0.3644162944	0.3837197179	2230.84529	71.41661984
277500	38.446132	0	0.6376811594	0.8933333333	0.3644162944	0.3837197179	2230.84529	74.89192778
278000	38.513042	0	0.6571428571	0.7972972973	0.3644162944	0.3837197179	2230.84529	75.21015137
278500	38.579579	0	0.7176470588	0.9152542373	0.3644162944	0.3837197179	2230.84529	78.59227562
279000	38.645857	0	0.7792207792	0.9104477612	0.3644162944	0.3837197179	2230.84529	87.53295213
279500	38.712619	0	0.7407407407	0.8888888889	0.3644162944	0.3837197179	2230.84529	75.88276207
280000	38.784526	0	0.8181818182	0.808988764	0.3644162944	0.3837197179	2230.84529	87.38683182
280500	38.853568	0	0.671641791	0.8181818182	0.3644162944	0.3837197179	2230.84529	65.43665552
281000	38.919819	0	0.7307692308	0.7575757576	0.3644162944	0.3837197179	2230.84529	79.30009604
281500	38.985581	0	0.7714285714	0.8918918919	0.3644162944	0.3837197179	2230.84529	87.63703829
282000	39.052623	0	0.7721518987	0.8615384615	0.3644162944	0.3837197179	2230.84529	77.54344577
282500	39.118669	0	0.8032786885	0.8192771084	0.3644162944	0.3837197179	2230.84529	77.29791063
283000	39.184323	0	0.6666666667	0.880952381	0.3644162944	0.3837197179	2230.84529	71.11276251
283500	39.251601	0	0.7611940299	0.8441558442	0.3644162944	0.3837197179	2230.84529	77.02488726
284000	39.317729	0	0.7313432836	0.8831168831	0.3644162944	0.3837197179	2230.84529	75.9045366
284500	39.382967	0	0.7662337662	0.8507462687	0.3644162944	0.3837197179	2230.84529	92.38368821
285000	39.448076	0	0.6805555556	0.8888888889	0.3644162944	0.3837197179	2230.84529	73.88667542
285500	39.513665	0	0.7910447761	0.8571428571	0.3644162944	0.3837197179	2230.84529	81.0870167
286000	39.580115	0	0.6666666667	0.8333333333	0.3644162944	0.3837197179	2230.84529	73.96534181
286500	39.645841	0	0.661971831	0.8493150685	0.3644162944	0.3837197179	2230.84529	73.11586177
287000	39.712368	0	0.7058823529	0.8157894737	0.3644162944	0.3837197179	2230.84529	73.05368459
287500	39.778559	0	0.7179487179	0.7878787879	0.3644162944	0.3837197179	2230.84529	73.65970379
288000	39.845561	0	0.6911764706	0.9210526316	0.3644162944	0.3837197179	2230.84529	78.63194263
288500	39.911691	0	0.8125	0.875	0.3644162944	0.3837197179	2230.84529	84.14948076
289000	39.977981	0	0.7662337662	0.9104477612	0.3644162944	0.3837197179	2230.84529	72.01576781
289500	40.044233	0	0.8219178082	0.7464788732	0.3644162944	0.3837197179	2230.84529	76.32033533
290000	40.115766	0	0.8378378378	0.9285714286	0.3644162944	0.3837197179	2230.84529	93.31126678
290500	40.181252	0	0.703125	0.775	0.3644162944	0.3837197179	2230.84529	66.02536833
291000	40.248344	0	0.7857142857	0.8108108108	0.3644162944	0.3837197179	2230.84529	88.37138373
291500	40.314153	0	0.884057971	0.9066666667	0.3644162944	0.3837197179	2230.84529	83.41215146
292000	40.382029	0	0.6363636364	0.8358208955	0.3644162944	0.3837197179	2230.84529	71.5738346
292500	40.448903	0	0.625	0.8055555556	0.3644162944	0.3837197179	2230.84529	69.54318595
293000	40.513877	0	0.6538461538	0.9090909091	0.3644162944	0.3837197179	2230.84529	79.78214204
293500	40.580072	0	0.7123287671	0.9014084507	0.3644162944	0.3837197179	2230.84529	76.17946047
294000	40.646237	0	0.7631578947	0.8970588235	0.3644162944	0.3837197179	2230.84529	71.57619125
294500	40.712326	0	0.7352941176	0.8157894737	0.3644162944	0.3837197179	2230.84529	72.52549088
295000	40.779043	0	0.7361111111	0.8333333333	0.3644162944	0.3837197179	2230.84529	74.4047491
295500	40.843848	0	0.6794871795	0.803030303	0.3644162944	0.3837197179	2230.84529	81.51581407
296000	40.909451	0	0.7058823529	0.7631578947	0.3644162944	0.3837197179	2230.84529	68.22831047
296500	40.973325	0	0.7910447761	0.8571428571	0.3644162944	0.3837197179	2230.84529	94.38313329
297000	41.038783	0	0.7096774194	0.8292682927	0.3644162944	0.3837197179	2230.84529	75.40359199
297500	41.106037	0	0.7027027027	0.8571428571	0.3644162944	0.3837197179	2230.84529	77.80181807
298000	41.171779	0	0.7945205479	0.8873239437	0.3644162944	0.3837197179	2230.84529	82.1017251
298500	41.237258	0	0.7424242424	0.7692307692	0.3644162944	0.3837197179	2230.84529	79.86855012
299000	41.30428	0	0.8153846154	0.8227848101	0.3644162944	0.3837197179	2230.84529	69.546911
299500	41.370045	0	0.8955223881	0.9480519481	0.3644162944	0.3837197179	2230.84529	90.9460237
300000	41.43952	0	0.8309859155	0.8904109589	0.3644162944	0.3837197179	2230.84529	85.24779224
300500	41.509361	0	0.7096774194	0.8048780488	0.3644162944	0.3837197179	2230.84529	82.85420841
301000	41.575235	0	0.6285714286	0.8513513514	0.3644162944	0.3837197179	2230.84529	68.39185423
301500	41.642642	0	0.6268656716	0.7922077922	0.3644162944	0.3837197179	2230.84529	72.1421783
302000	41.708294	0	0.7356321839	0.7894736842	0.3644162944	0.3837197179	2230.84529	69.71340346
302500	41.774402	0	0.7702702703	0.8428571429	0.3644162944	0.3837197179	2230.84529	84.80268431
303000	41.840155	0	0.5733333333	0.8695652174	0.3644162944	0.3837197179	2230.84529	75.13844061
303500	41.90828	0	0.6883116883	0.8208955224	0.3644162944	0.3837197179	2230.84529	74.49871814
304000	41.974586	0	0.6712328767	0.8028169014	0.3644162944	0.3837197179	2230.84529	80.94264162
304500	42.040505	0	0.7464788732	0.8493150685	0.3644162944	0.3837197179	2230.84529	70.97378761
305000	42.106514	0	0.7733333333	0.8115942029	0.3644162944	0.3837197179	2230.84529	82.50579429
305500	42.173226	0	0.6575342466	0.7746478873	0.3644162944	0.3837197179	2230.84529	74.70346797
306000	42.239623	0	0.7466666667	0.9130434783	0.3644162944	0.3837197179	2230.84529	83.53850639
306500	42.306579	0	0.8333333333	0.8611111111	0.3644162944	0.3837197179	2230.84529	81.54682314
307000	42.372298	0	0.6470588235	0.6973684211	0.3644162944	0.3837197179	2230.84529	70.77408457
307500	42.438987	0	0.6582278481	0.8307692308	0.3644162944	0.3837197179	2230.84529	76.5905208
308000	42.506036	0	0.7941176471	0.8421052632	0.3644162944	0.3837197179	2230.84529	89.31650132
308500	42.571371	0	0.8787878788	0.9487179487	0.3644162944	0.3837197179	2230.84529	69.33652318
309000	42.639687	0	0.6911764706	0.8947368421	0.3644162944	0.3837197179	2230.84529	79.56745279
309500	42.704033	0	0.7654320988	0.8412698413	0.3644162944	0.3837197179	2230.84529	81.41541386
310000	42.776118	0	0.7258064516	0.8414634146	0.3644162944	0.3837197179	2230.84529	83.4328841
310500	42.84435	0	0.7160493827	0.8412698413	0.3644162944	0.3837197179	2230.84529	89.99885756
311000	42.908374	0	0.698630137	0.8450704225	0.3644162944	0.3837197179	2230.84529	79.51529133
311500	42.975141	0	0.8026315789	0.8970588235	0.3644162944	0.3837197179	2230.84529	86.95883787
312000	43.039861	0	0.7586206897	0.8023255814	0.3644162944	0.3837197179	2230.84529	78.78060257
312500	43.105491	0	0.8	0.8783783784	0.3644162944	0.3837197179	2230.84529	75.16742641
313000	43.170835	0	0.8032786885	0.8915662651	0.3644162944	0.3837197179	2230.84529	78.38982064
313500	43.237281	0	0.6794871795	0.7575757576	0.3644162944	0.3837197179	2230.84529	79.7596454
314000	43.303807	0	0.6363636364	0.8076923077	0.3644162944	0.3837197179	2230.84529	84.8087905
314500	43.368499	0	0.7671232877	0.8732394366	0.3644162944	0.3837197179	2230.84529	89.518049
315000	43.433002	0	0.75	0.875	0.3644162944	0.3837197179	2230.84529	70.67151082
315500	43.498764	0	0.765625	0.85	0.3644162944	0.3837197179	2230.84529	76.62985247
316000	43.565406	0	0.6621621622	0.7714285714	0.3644162944	0.3837197179	2230.84529	74.09731358
316500	43.631229	0	0.7361111111	0.7638888889	0.3644162944	0.3837197179	2230.84529	79.75352949
317000	43.697132	0	0.7361111111	0.875	0.3644162944	0.3837197179	2230.84529	90.57592189
317500	43.761621	0	0.843373494	0.9672131148	0.3644162944	0.3837197179	2230.84529	103.1718024
318000	43.8259	0	0.7536231884	0.8933333333	0.3644162944	0.3837197179	2230.84529	87.31659752
318500	43.892376	0	0.7594936709	0.9076923077	0.3644162944	0.3837197179	2230.84529	71.74117982
319000	43.958304	0	0.7142857143	0.7462686567	0.3644162944	0.3837197179	2230.84529	75.14861393
319500	44.02354	0	0.8142857143	0.7162162162	0.3644162944	0.3837197179	2230.84529	78.44289923
320000	44.094585	0	0.7333333333	0.8452380952	0.3644162944	0.3837197179	2230.84529	77.65280724
320500	44.162665	0	0.7846153846	0.6455696203	0.3644162944	0.3837197179	2230.84529	72.26467627
321000	44.228521	0	0.7714285714	0.7837837838	0.3644162944	0.3837197179	2230.84529	82.57568651
321500	44.29312	0	0.775	0.859375	0.3644162944	0.3837197179	2230.84529	78.72373074
322000	44.359206	0	0.7428571429	0.8918918919	0.3644162944	0.3837197179	2230.84529	79.12639505
322500	44.425178	0	0.7432432432	0.8571428571	0.3644162944	0.3837197179	2230.84529	72.55878919
323000	44.491318	0	0.6829268293	0.7903225806	0.3644162944	0.3837197179	2230.84529	84.53775835
323500	44.555952	0	0.6176470588	0.8552631579	0.3644162944	0.3837197179	2230.84529	87.17596322
324000	44.620879	0	0.7714285714	0.8378378378	0.3644162944	0.3837197179	2230.84529	77.44602174
324500	44.686842	0	0.6973684211	0.9411764706	0.3644162944	0.3837197179	2230.84529	81.12608021
325000	44.753728	0	0.6315789474	0.7205882353	0.3644162944	0.3837197179	2230.84529	78.32732004
325500	44.818424	0	0.7230769231	0.9493670886	0.3644162944	0.3837197179	2230.84529	79.27780473
326000	44.886714	0	0.6341463415	0.7419354839	0.3644162944	0.3837197179	2230.84529	69.32892841
326500	44.953532	0	0.7260273973	0.8732394366	0.3644162944	0.3837197179	2230.84529	85.24784386
327000	45.019181	0	0.8695652174	0.92	0.3644162944	0.3837197179	2230.84529	88.20378053
327500	45.08505	0	0.7704918033	0.9879518072	0.3644162944	0.3837197179	2230.84529	81.50738329
328000	45.151535	0	0.7605633803	0.8767123288	0.3644162944	0.3837197179	2230.84529	80.75842178
328500	45.216939	0	0.7260273973	0.8309859155	0.3644162944	0.3837197179	2230.84529	78.62652737
329000	45.282707	0	0.7792207792	0.8059701493	0.3644162944	0.3837197179	2230.84529	72.04585129
329500	45.350144	0	0.7424242424	0.8333333333	0.3644162944	0.3837197179	2230.84529	73.88981503
330000	45.422242	0	0.7230769231	0.8607594937	0.3644162944	0.3837197179	2230.84529	65.33366472
330500	45.490557	0	0.6805555556	0.9166666667	0.3644162944	0.3837197179	2230.84529	87.15534651
331000	45.556858	0	0.7464788732	0.7945205479	0.3644162944	0.3837197179	2230.84529	67.28100038
331500	45.623416	0	0.7605633803	0.904109589	0.3644162944	0.3837197179	2230.84529	77.23137522
332000	45.689903	0	0.737704918	0.9036144578	0.3644162944	0.3837197179	2230.84529	83.42918009
332500	45.756468	0	0.5714285714	0.8243243243	0.3644162944	0.3837197179	2230.84529	74.18406397
333000	45.823953	0	0.5882352941	0.8421052632	0.3644162944	0.3837197179	2230.84529	67.57641578
333500	45.890404	0	0.8243243243	0.8857142857	0.3644162944	0.3837197179	2230.84529	71.70177191
334000	45.956304	0	0.7727272727	0.7692307692	0.3644162944	0.3837197179	2230.84529	79.82648861
334500	46.021253	0	0.7313432836	0.8831168831	0.3644162944	0.3837197179	2230.84529	88.04049426
335000	46.086614	0	0.8082191781	0.8732394366	0.3644162944	0.3837197179	2230.84529	67.41672242
335500	46.153057	0	0.756097561	0.8387096774	0.3644162944	0.3837197179	2230.84529	77.90352273
336000	46.218215	0	0.7164179104	0.8831168831	0.3644162944	0.3837197179	2230.84529	87.84106183
336500	46.284417	0	0.7083333333	0.8194444444	0.3644162944	0.3837197179	2230.84529	84.15960693
337000	46.350188	0	0.7108433735	0.737704918	0.3644162944	0.3837197179	2230.84529	81.78074926
337500	46.41669	0	0.7594936709	0.8153846154	0.3644162944	0.3837197179	2230.84529	82.50041127
338000	46.482764	0	0.6470588235	0.75	0.3644162944	0.3837197179	2230.84529	86.91538352
338500	46.548152	0	0.7866666667	0.8985507246	0.3644162944	0.3837197179	2230.84529	80.79651791
339000	46.614215	0	0.6805555556	0.8194444444	0.3644162944	0.3837197179	2230.84529	79.76310998
339500	46.680037	0	0.7571428571	0.8378378378	0.3644162944	0.3837197179	2230.84529	76.25347793
340000	46.751028	0	0.7432432432	0.8428571429	0.3644162944	0.3837197179	2230.84529	85.00284415
340500	46.816817	0	0.6944444444	0.8611111111	0.3644162944	0.3837197179	2230.84529	77.11559463
341000	46.884404	0	0.7101449275	0.8933333333	0.3644162944	0.3837197179	2230.84529	76.0370248
341500	46.950837	0	0.7922077922	0.8955223881	0.3644162944	0.3837197179	2230.84529	73.29418051
342000	47.018354	0	0.7424242424	0.7948717949	0.3644162944	0.3837197179	2230.84529	82.18692505
342500	47.083039	0	0.7901234568	0.8571428571	0.3644162944	0.3837197179	2230.84529	80.7526471
343000	47.149105	0	0.6811594203	0.88	0.3644162944	0.3837197179	2230.84529	74.38680458
343500	47.214562	0	0.7972972973	0.8571428571	0.3644162944	0.3837197179	2230.84529	80.42928421
344000	47.281186	0	0.7564102564	0.8787878788	0.3644162944	0.3837197179	2230.84529	77.64586836
344500	47.346831	0	0.6285714286	0.7297297297	0.3644162944	0.3837197179	2230.84529	76.42415321
345000	47.411764	0	0.8055555556	0.8055555556	0.3644162944	0.3837197179	2230.84529	83.16975552
345500	47.478939	0	0.698630137	0.8873239437	0.3644162944	0.3837197179	2230.84529	74.68205553
346000	47.545905	0	0.7692307692	0.8181818182	0.3644162944	0.3837197179	2230.84529	82.93170106
346500	47.611635	0	0.8082191781	0.7183098592	0.3644162944	0.3837197179	2230.84529	78.37211803
347000	47.677674	0	0.696969697	0.9230769231	0.3644162944	0.3837197179	2230.84529	84.70489341
347500	47.741513	0	0.6901408451	0.8219178082	0.3644162944	0.3837197179	2230.84529	81.31745291
348000	47.808836	0	0.734939759	0.6885245902	0.3644162944	0.3837197179	2230.84529	68.99581552
348500	47.875001	0	0.7368421053	0.8823529412	0.3644162944	0.3837197179	2230.84529	78.96949679
349000	47.942174	0	0.7096774194	0.7195121951	0.3644162944	0.3837197179	2230.84529	76.99963367
349500	48.009249	0	0.6875	0.875	0.3644162944	0.3837197179	2230.84529	81.24545789
350000	48.077745	0	0.7088607595	0.8615384615	0.3644162944	0.3837197179	2230.84529	70.73003531
350500	48.14377	0	0.6875	0.796875	0.3644162944	0.3837197179	2230.84529	85.45782757
351000	48.209896	0	0.7428571429	0.8513513514	0.3644162944	0.3837197179	2230.84529	77.34651369
351500	48.275622	0	0.8266666667	0.9130434783	0.3644162944	0.3837197179	2230.84529	87.99509388
352000	48.342846	0	0.7142857143	0.8513513514	0.3644162944	0.3837197179	2230.84529	79.51172161
352500	48.409529	0	0.7619047619	0.7901234568	0.3644162944	0.3837197179	2230.84529	84.49148667
353000	48.476012	0	0.8166666667	0.8452380952	0.3644162944	0.3837197179	2230.84529	63.07481253
353500	48.541984	0	0.7093023256	0.8448275862	0.3644162944	0.3837197179	2230.84529	83.96346921
354000	48.607573	0	0.7012987013	0.8059701493	0.3644162944	0.3837197179	2230.84529	88.78467435
354500	48.673542	0	0.7922077922	0.8059701493	0.3644162944	0.3837197179	2230.84529	82.39526284
355000	48.738702	0	0.7727272727	0.858974359	0.3644162944	0.3837197179	2230.84529	85.68884045
355500	48.804758	0	0.8194444444	0.8888888889	0.3644162944	0.3837197179	2230.84529	80.08219039
356000	48.872797	0	0.6623376623	0.7910447761	0.3644162944	0.3837197179	2230.84529	74.34330755
356500	48.940327	0	0.7195121951	0.8870967742	0.3644162944	0.3837197179	2230.84529	75.73708129
357000	49.005866	0	0.7619047619	0.8518518519	0.3644162944	0.3837197179	2230.84529	83.85662317
357500	49.072153	0	0.8115942029	0.96	0.3644162944	0.3837197179	2230.84529	75.20117575
358000	49.138944	0	0.7432432432	0.8285714286	0.3644162944	0.3837197179	2230.84529	83.77594262
358500	49.20358	0	0.7671232877	0.8450704225	0.3644162944	0.3837197179	2230.84529	73.75024629
359000	49.268334	0	0.7083333333	0.7916666667	0.3644162944	0.3837197179	2230.84529	82.26846462
359500	49.333943	0	0.7272727273	0.7820512821	0.3644162944	0.3837197179	2230.84529	77.90367317
360000	49.405329	0	0.65625	0.85	0.3644162944	0.3837197179	2230.84529	78.85827285
360500	49.472406	0	0.6666666667	0.7619047619	0.3644162944	0.3837197179	2230.84529	68.58755207
361000	49.538258	0	0.8266666667	0.884057971	0.3644162944	0.3837197179	2230.84529	80.40720499
361500	49.603576	0	0.7941176471	0.8947368421	0.3644162944	0.3837197179	2230.84529	89.56671703
362000	49.669525	0	0.6865671642	0.7792207792	0.3644162944	0.3837197179	2230.84529	82.19450134
362500	49.736671	0	0.7972972973	0.8857142857	0.3644162944	0.3837197179	2230.84529	74.08272171
363000	49.803174	0	0.7733333333	0.8550724638	0.3644162944	0.3837197179	2230.84529	76.96431169
363500	49.86845	0	0.6984126984	0.8641975309	0.3644162944	0.3837197179	2230.84529	79.70649344
364000	49.934075	0	0.7910447761	0.8571428571	0.3644162944	0.3837197179	2230.84529	80.97118533
364500	49.99962	0	0.6753246753	0.8805970149	0.3644162944	0.3837197179	2230.84529	78.74604881
365000	50.066236	0	0.6575342466	0.9295774648	0.3644162944	0.3837197179	2230.84529	71.41797143
365500	50.132173	0	0.7464788732	0.8356164384	0.3644162944	0.3837197179	2230.84529	91.00368744
366000	50.197916	0	0.7575757576	0.8205128205	0.3644162944	0.3837197179	2230.84529	74.46010518
366500	50.264314	0	0.7857142857	0.95	0.3644162944	0.3837197179	2230.84529	83.12262768
367000	50.330033	0	0.734375	0.9	0.3644162944	0.3837197179	2230.84529	80.10855782
367500	50.39693	0	0.7	0.7702702703	0.3644162944	0.3837197179	2230.84529	79.62526697
368000	50.461481	0	0.6805555556	0.7916666667	0.3644162944	0.3837197179	2230.84529	77.58704841
368500	50.528214	0	0.6904761905	0.9	0.3644162944	0.3837197179	2230.84529	80.92460859
369000	50.594835	0	0.7662337662	0.7313432836	0.3644162944	0.3837197179	2230.84529	79.24384272
369500	50.660721	0	0.7916666667	0.7777777778	0.3644162944	0.3837197179	2230.84529	83.72164321
370000	50.735358	0	0.75	0.9117647059	0.3644162944	0.3837197179	2230.84529	86.41030622
370500	50.799871	0	0.9113924051	0.9230769231	0.3644162944	0.3837197179	2230.84529	87.38876182
371000	50.866375	0	0.7260273973	0.8309859155	0.3644162944	0.3837197179	2230.84529	84.25299406
371500	50.932125	0	0.7397260274	0.8732394366	0.3644162944	0.3837197179	2230.84529	78.42401946
372000	50.998411	0	0.75	0.8125	0.3644162944	0.3837197179	2230.84529	81.9787367
372500	51.065714	0	0.6164383562	0.8309859155	0.3644162944	0.3837197179	2230.84529	68.94693357
373000	51.133792	0	0.7073170732	0.6935483871	0.3644162944	0.3837197179	2230.84529	64.51990753
373500	51.198843	0	0.6875	0.9	0.3644162944	0.3837197179	2230.84529	88.85924047
374000	51.263949	0	0.7837837838	0.8714285714	0.3644162944	0.3837197179	2230.84529	76.88301605
374500	51.329229	0	0.8219178082	0.9014084507	0.3644162944	0.3837197179	2230.84529	81.38131368
375000	51.395891	0	0.8082191781	0.8591549296	0.3644162944	0.3837197179	2230.84529	73.77115512
375500	51.461901	0	0.7534246575	0.8591549296	0.3644162944	0.3837197179	2230.84529	86.64685076
376000	51.527743	0	0.8108108108	0.8142857143	0.3644162944	0.3837197179	2230.84529	82.73426497
376500	51.593389	0	0.7466666667	0.768115942	0.3644162944	0.3837197179	2230.84529	69.97813833
377000	51.659746	0	0.7424242424	0.8076923077	0.3644162944	0.3837197179	2230.84529	69.77856481
377500	51.725642	0	0.7808219178	0.8309859155	0.3644162944	0.3837197179	2230.84529	93.77096021
378000	51.790162	0	0.7647058824	0.8684210526	0.3644162944	0.3837197179	2230.84529	75.85267764
378500	51.85746	0	0.7076923077	0.8734177215	0.3644162944	0.3837197179	2230.84529	77.30613995
379000	51.923823	0	0.7183098592	0.8082191781	0.3644162944	0.3837197179	2230.84529	73.0622614
379500	51.990685	0	0.8	0.8115942029	0.3644162944	0.3837197179	2230.84529	78.68707395
380000	52.060779	0	0.7654320988	0.873015873	0.3644162944	0.3837197179	2230.84529	88.59646559
380500	52.127228	0	0.7692307692	0.8787878788	0.3644162944	0.3837197179	2230.84529	68.16674978
381000	52.194052	0	0.6769230769	0.7341772152	0.3644162944	0.3837197179	2230.84529	73.1384275
381500	52.259748	0	0.7375	0.875	0.3644162944	0.3837197179	2230.84529	87.14036256
382000	52.326766	0	0.7083333333	0.9027777778	0.3644162944	0.3837197179	2230.84529	80.5031938
382500	52.394005	0	0.746835443	0.8923076923	0.3644162944	0.3837197179	2230.84529	77.27631462
383000	52.4602	0	0.7260273973	0.9436619718	0.3644162944	0.3837197179	2230.84529	69.40373677
383500	52.525535	0	0.6666666667	0.9275362319	0.3644162944	0.3837197179	2230.84529	80.19614887
384000	52.591599	0	0.8051948052	0.8656716418	0.3644162944	0.3837197179	2230.84529	76.53895622
384500	52.65923	0	0.6268656716	0.8181818182	0.3644162944	0.3837197179	2230.84529	68.92051589
385000	52.724849	0	0.7536231884	0.9066666667	0.3644162944	0.3837197179	2230.84529	80.1836462
385500	52.790456	0	0.7682926829	0.9677419355	0.3644162944	0.3837197179	2230.84529	78.09785837
386000	52.857173	0	0.7530864198	0.9047619048	0.3644162944	0.3837197179	2230.84529	81.39853811
386500	52.922081	0	0.76	0.884057971	0.3644162944	0.3837197179	2230.84529	78.38649929
387000	52.9882	0	0.5324675325	0.7611940299	0.3644162944	0.3837197179	2230.84529	67.1488589
387500	53.054616	0	0.6666666667	0.8533333333	0.3644162944	0.3837197179	2230.84529	69.15088612
388000	53.121061	0	0.7058823529	0.8552631579	0.3644162944	0.3837197179	2230.84529	83.28444707
388500	53.187021	0	0.676056338	0.7945205479	0.3644162944	0.3837197179	2230.84529	77.31182611
389000	53.252541	0	0.7534246575	0.8591549296	0.3644162944	0.3837197179	2230.84529	90.03323686
389500	53.316789	0	0.6923076923	0.835443038	0.3644162944	0.3837197179	2230.84529	77.00952661
390000	53.387046	0	0.7837837838	0.9	0.3644162944	0.3837197179	2230.84529	77.07457596
390500	53.456624	0	0.6075949367	0.8	0.3644162944	0.3837197179	2230.84529	73.15251702
391000	53.522416	0	0.7887323944	0.9178082192	0.3644162944	0.3837197179	2230.84529	98.87625885
391500	53.587695	0	0.7042253521	0.8630136986	0.3644162944	0.3837197179	2230.84529	74.58429056
392000	53.653376	0	0.7	0.7972972973	0.3644162944	0.3837197179	2230.84529	76.53602129
392500	53.720655	0	0.7066666667	0.8550724638	0.3644162944	0.3837197179	2230.84529	77.11324614
393000	53.786221	0	0.7272727273	0.7948717949	0.3644162944	0.3837197179	2230.84529	92.54460371
393500	53.852636	0	0.7727272727	0.8333333333	0.3644162944	0.3837197179	2230.84529	69.9062866
394000	53.917619	0	0.6447368421	0.8676470588	0.3644162944	0.3837197179	2230.84529	74.00899237
394500	53.983293	0	0.7121212121	0.8846153846	0.3644162944	0.3837197179	2230.84529	86.36401772
395000	54.049853	0	0.698630137	0.8450704225	0.3644162944	0.3837197179	2230.84529	73.46717674
395500	54.116933	0	0.7671232877	0.8309859155	0.3644162944	0.3837197179	2230.84529	71.88614631
396000	54.183615	0	0.8387096774	0.9390243902	0.3644162944	0.3837197179	2230.84529	86.63782251
396500	54.248948	0	0.75	0.85	0.3644162944	0.3837197179	2230.84529	72.36901003
397000	54.315381	0	0.8428571429	0.8378378378	0.3644162944	0.3837197179	2230.84529	78.13908786
397500	54.38103	0	0.661971831	0.8904109589	0.3644162944	0.3837197179	2230.84529	72.2907306
398000	54.447254	0	0.5925925926	0.7619047619	0.3644162944	0.3837197179	2230.84529	75.6807642
398500	54.514137	0	0.7142857143	0.8507462687	0.3644162944	0.3837197179	2230.84529	94.5615955
399000	54.578333	0	0.8235294118	0.8421052632	0.3644162944	0.3837197179	2230.84529	81.27991563
399500	54.644087	0	0.675	0.890625	0.3644162944	0.3837197179	2230.84529	75.92722028
400000	54.715494	0	0.7125	0.84375	0.3644162944	0.3837197179	2230.84529	84.91911763
400500	54.785136	0	0.7341772152	0.8	0.3644162944	0.3837197179	2230.84529	87.28626126
401000	54.851261	0	0.7222222222	0.9027777778	0.3644162944	0.3837197179	2230.84529	71.50934273
401500	54.918402	0	0.7333333333	0.7976190476	0.3644162944	0.3837197179	2230.84529	67.86931503
402000	54.985572	0	0.7619047619	0.9012345679	0.3644162944	0.3837197179	2230.84529	83.181952
402500	55.052	0	0.7662337662	0.8507462687	0.3644162944	0.3837197179	2230.84529	69.11959106
403000	55.117115	0	0.6933333333	0.884057971	0.3644162944	0.3837197179	2230.84529	72.80771369
403500	55.182659	0	0.7848101266	0.9230769231	0.3644162944	0.3837197179	2230.84529	81.75363839
404000	55.247657	0	0.8	0.9746835443	0.3644162944	0.3837197179	2230.84529	86.2736516
404500	55.313056	0	0.7435897436	0.9545454545	0.3644162944	0.3837197179	2230.84529	82.06224126
405000	55.37922	0	0.8133333333	0.884057971	0.3644162944	0.3837197179	2230.84529	72.39403349
405500	55.445325	0	0.7875	0.859375	0.3644162944	0.3837197179	2230.84529	84.81231153
406000	55.509788	0	0.7073170732	0.7741935484	0.3644162944	0.3837197179	2230.84529	70.68392694
406500	55.575498	0	0.7826086957	0.8266666667	0.3644162944	0.3837197179	2230.84529	86.92292851
407000	55.641341	0	0.7027027027	0.8285714286	0.3644162944	0.3837197179	2230.84529	71.7544851
407500	55.706706	0	0.5753424658	0.7887323944	0.3644162944	0.3837197179	2230.84529	72.51434326
408000	55.773214	0	0.72	0.768115942	0.3644162944	0.3837197179	2230.84529	66.74976438
408500	55.841316	0	0.7540983607	0.7710843373	0.3644162944	0.3837197179	2230.84529	61.66443288
409000	55.909575	0	0.8157894737	0.8529411765	0.3644162944	0.3837197179	2230.84529	72.05344415
409500	55.976508	0	0.7564102564	0.8787878788	0.3644162944	0.3837197179	2230.84529	71.17405248
410000	56.047383	0	0.7058823529	0.7368421053	0.3644162944	0.3837197179	2230.84529	69.11675167
410500	56.114752	0	0.8	0.9459459459	0.3644162944	0.3837197179	2230.84529	86.94145852
411000	56.181273	0	0.5873015873	0.7654320988	0.3644162944	0.3837197179	2230.84529	65.33661175
411500	56.246515	0	0.7058823529	0.8157894737	0.3644162944	0.3837197179	2230.84529	73.74940449
412000	56.313455	0	0.6451612903	0.8292682927	0.3644162944	0.3837197179	2230.84529	84.63491231
412500	56.378369	0	0.6351351351	0.8285714286	0.3644162944	0.3837197179	2230.84529	78.98098123
413000	56.443655	0	0.6956521739	0.72	0.3644162944	0.3837197179	2230.84529	70.55375099
413500	56.509932	0	0.7808219178	0.8591549296	0.3644162944	0.3837197179	2230.84529	77.93975502
414000	56.575122	0	0.7432432432	0.8714285714	0.3644162944	0.3837197179	2230.84529	93.69426847
414500	56.640375	0	0.7948717949	0.8181818182	0.3644162944	0.3837197179	2230.84529	84.28538257
415000	56.705909	0	0.7466666667	0.9130434783	0.3644162944	0.3837197179	2230.84529	85.00364059
415500	56.772492	0	0.8153846154	0.746835443	0.3644162944	0.3837197179	2230.84529	75.71061176
416000	56.839818	0	0.6666666667	0.7638888889	0.3644162944	0.3837197179	2230.84529	81.14515883
416500	56.906654	0	0.9137931034	0.8953488372	0.3644162944	0.3837197179	2230.84529	82.92108852
417000	56.97279	0	0.6944444444	0.8333333333	0.3644162944	0.3837197179	2230.84529	83.71917778
417500	57.039432	0	0.6543209877	0.873015873	0.3644162944	0.3837197179	2230.84529	75.64500868
418000	57.106873	0	0.7236842105	0.75	0.3644162944	0.3837197179	2230.84529	86.97495854
418500	57.171798	0	0.6153846154	0.7721518987	0.3644162944	0.3837197179	2230.84529	76.55899334
419000	57.237569	0	0.8142857143	0.8648648649	0.3644162944	0.3837197179	2230.84529	81.83248013
419500	57.303425	0	0.8	0.6785714286	0.3644162944	0.3837197179	2230.84529	80.43141872
420000	57.369314	0	0.6133333333	0.884057971	0.3644162944	0.3837197179	2230.84529	84.02421725
420500	57.434694	0	0.5846153846	0.7215189873	0.3644162944	0.3837197179	2230.84529	81.05251485
421000	57.501264	0	0.8157894737	0.7941176471	0.3644162944	0.3837197179	2230.84529	80.19857281
421500	57.566989	0	0.7580645161	0.9146341463	0.3644162944	0.3837197179	2230.84529	80.68638813
422000	57.633933	0	0.7671232877	0.7323943662	0.3644162944	0.3837197179	2230.84529	73.50883812
422500	57.69931	0	0.8101265823	0.9230769231	0.3644162944	0.3837197179	2230.84529	78.98573112
423000	57.764836	0	0.6875	0.90625	0.3644162944	0.3837197179	2230.84529	78.26464474
423500	57.831324	0	0.6956521739	0.8133333333	0.3644162944	0.3837197179	2230.84529	68.92159623
424000	57.898442	0	0.6363636364	0.8205128205	0.3644162944	0.3837197179	2230.84529	68.70165175
424500	57.964836	0	0.7857142857	0.9459459459	0.3644162944	0.3837197179	2230.84529	76.37171853
425000	58.031812	0	0.6511627907	0.8103448276	0.3644162944	0.3837197179	2230.84529	78.73537827
425500	58.096968	0	0.7466666667	0.8695652174	0.3644162944	0.3837197179	2230.84529	77.28819716
426000	58.161343	0	0.8235294118	0.8421052632	0.3644162944	0.3837197179	2230.84529	85.41863012
426500	58.225445	0	0.65	0.75	0.3644162944	0.3837197179	2230.84529	82.47899359
427000	58.289807	0	0.6923076923	0.6818181818	0.3644162944	0.3837197179	2230.84529	65.29141349
427500	58.357325	0	0.7702702703	0.7857142857	0.3644162944	0.3837197179	2230.84529	76.97129428
428000	58.423503	0	0.6764705882	0.9210526316	0.3644162944	0.3837197179	2230.84529	81.61430019
428500	58.489589	0	0.8529411765	0.8815789474	0.3644162944	0.3837197179	2230.84529	81.45932448
429000	58.555556	0	0.7317073171	0.9032258065	0.3644162944	0.3837197179	2230.84529	82.35898781
429500	58.622353	0	0.7272727273	0.7910447761	0.3644162944	0.3837197179	2230.84529	75.42095542
430000	58.693187	0	0.7702702703	0.8142857143	0.3644162944	0.3837197179	2230.84529	73.83323872
430500	58.761889	0	0.78125	0.8875	0.3644162944	0.3837197179	2230.84529	79.87489468
431000	58.82854	0	0.5921052632	0.8235294118	0.3644162944	0.3837197179	2230.84529	66.01688462
431500	58.89616	0	0.6933333333	0.8405797101	0.3644162944	0.3837197179	2230.84529	73.71642303
432000	58.961449	0	0.7611940299	0.9090909091	0.3644162944	0.3837197179	2230.84529	88.59607792
432500	59.027175	0	0.7384615385	0.7974683544	0.3644162944	0.3837197179	2230.84529	73.0133633
433000	59.094526	0	0.8	0.8695652174	0.3644162944	0.3837197179	2230.84529	82.6956799
433500	59.160835	0	0.7564102564	0.8181818182	0.3644162944	0.3837197179	2230.84529	76.89455348
434000	59.227891	0	0.696969697	0.8205128205	0.3644162944	0.3837197179	2230.84529	70.90570205
434500	59.294897	0	0.8732394366	0.8904109589	0.3644162944	0.3837197179	2230.84529	84.99981195
435000	59.361275	0	0.8333333333	0.8787878788	0.3644162944	0.3837197179	2230.84529	68.39601982
435500	59.426826	0	0.7441860465	0.8620689655	0.3644162944	0.3837197179	2230.84529	70.78043884
436000	59.493574	0	0.7534246575	0.9014084507	0.3644162944	0.3837197179	2230.84529	85.87809479
436500	59.557942	0	0.7272727273	0.9230769231	0.3644162944	0.3837197179	2230.84529	91.21491927
437000	59.62297	0	0.8307692308	0.8860759494	0.3644162944	0.3837197179	2230.84529	84.04561865
437500	59.688178	0	0.7101449275	0.8533333333	0.3644162944	0.3837197179	2230.84529	77.77341926
438000	59.753452	0	0.76	0.9275362319	0.3644162944	0.3837197179	2230.84529	77.69726336
438500	59.819066	0	0.7605633803	0.7123287671	0.3644162944	0.3837197179	2230.84529	70.40716344
439000	59.885647	0	0.775	0.9375	0.3644162944	0.3837197179	2230.84529	87.05119389
439500	59.951095	0	0.7051282051	0.8787878788	0.3644162944	0.3837197179	2230.84529	72.81826615
440000	60.022538	0	0.8571428571	0.8888888889	0.3644162944	0.3837197179	2230.84529	70.95723349
440500	60.08984	0	0.7101449275	0.84	0.3644162944	0.3837197179	2230.84529	76.40692455
441000	60.155898	0	0.7941176471	0.9210526316	0.3644162944	0.3837197179	2230.84529	75.27913547
441500	60.222011	0	0.7205882353	0.7236842105	0.3644162944	0.3837197179	2230.84529	66.21319199
442000	60.288402	0	0.8961038961	0.8507462687	0.3644162944	0.3837197179	2230.84529	79.66823727
442500	60.354372	0	0.8028169014	0.8493150685	0.3644162944	0.3837197179	2230.84529	82.72907168
443000	60.419551	0	0.652173913	0.8266666667	0.3644162944	0.3837197179	2230.84529	79.63622278
443500	60.486402	0	0.8513513514	0.8714285714	0.3644162944	0.3837197179	2230.84529	74.52574396
444000	60.552564	0	0.7875	0.828125	0.3644162944	0.3837197179	2230.84529	77.05074763
444500	60.617698	0	0.7246376812	0.84	0.3644162944	0.3837197179	2230.84529	88.1050626
445000	60.683144	0	0.8243243243	0.9285714286	0.3644162944	0.3837197179	2230.84529	79.14177465
445500	60.747513	0	0.7101449275	0.9066666667	0.3644162944	0.3837197179	2230.84529	86.04982102
446000	60.813143	0	0.75	0.9264705882	0.3644162944	0.3837197179	2230.84529	78.0959487
446500	60.879439	0	0.7833333333	0.8095238095	0.3644162944	0.3837197179	2230.84529	73.0803107
447000	60.945992	0	0.7710843373	0.8360655738	0.3644162944	0.3837197179	2230.84529	75.65307933
447500	61.012108	0	0.6835443038	0.8461538462	0.3644162944	0.3837197179	2230.84529	75.59500563
448000	61.077458	0	0.7532467532	0.8507462687	0.3644162944	0.3837197179	2230.84529	83.57066822
448500	61.141829	0	0.6578947368	0.8823529412	0.3644162944	0.3837197179	2230.84529	79.17150581
449000	61.207426	0	0.7333333333	0.8985507246	0.3644162944	0.3837197179	2230.84529	82.90110809
449500	61.274208	0	0.6712328767	0.9014084507	0.3644162944	0.3837197179	2230.84529	75.83858228
450000	61.346062	0	0.7941176471	0.8421052632	0.3644162944	0.3837197179	2230.84529	83.83111572
450500	61.414396	0	0.7631578947	0.8529411765	0.3644162944	0.3837197179	2230.84529	79.27325702
451000	61.480009	0	0.6615384615	0.7088607595	0.3644162944	0.3837197179	2230.84529	74.50879782
451500	61.546464	0	0.7402597403	0.7611940299	0.3644162944	0.3837197179	2230.84529	75.71808922
452000	61.611934	0	0.7323943662	0.904109589	0.3644162944	0.3837197179	2230.84529	84.68587613
452500	61.679381	0	0.671641791	0.8051948052	0.3644162944	0.3837197179	2230.84529	72.79873556
453000	61.74561	0	0.746031746	0.8888888889	0.3644162944	0.3837197179	2230.84529	78.23301989
453500	61.812726	0	0.7887323944	0.8356164384	0.3644162944	0.3837197179	2230.84529	83.04765218
454000	61.880094	0	0.7323943662	0.8630136986	0.3644162944	0.3837197179	2230.84529	81.49019796
454500	61.947864	0	0.7101449275	0.8133333333	0.3644162944	0.3837197179	2230.84529	70.60869116
455000	62.015157	0	0.7042253521	0.8219178082	0.3644162944	0.3837197179	2230.84529	65.87981355
455500	62.080958	0	0.7164179104	0.8831168831	0.3644162944	0.3837197179	2230.84529	73.29402602
456000	62.148262	0	0.6615384615	0.7848101266	0.3644162944	0.3837197179	2230.84529	75.78200167
456500	62.216021	0	0.7571428571	0.8513513514	0.3644162944	0.3837197179	2230.84529	72.57776332
457000	62.281691	0	0.7857142857	0.8648648649	0.3644162944	0.3837197179	2230.84529	81.57707304
457500	62.348662	0	0.8125	0.8875	0.3644162944	0.3837197179	2230.84529	78.84749812
458000	62.414574	0	0.7571428571	0.8378378378	0.3644162944	0.3837197179	2230.84529	73.48797953
458500	62.481541	0	0.7941176471	0.8947368421	0.3644162944	0.3837197179	2230.84529	87.11353785
459000	62.547132	0	0.8493150685	0.9014084507	0.3644162944	0.3837197179	2230.84529	91.70927221
459500	62.613163	0	0.7571428571	0.9324324324	0.3644162944	0.3837197179	2230.84529	79.62046069
460000	62.680929	0	0.72	0.7971014493	0.3644162944	0.3837197179	2230.84529	71.96484619
460500	62.746006	0	0.7246376812	0.7333333333	0.3644162944	0.3837197179	2230.84529	74.71521771
461000	62.812886	0	0.6857142857	0.7297297297	0.3644162944	0.3837197179	2230.84529	69.89530611
461500	62.878915	0	0.8266666667	0.9275362319	0.3644162944	0.3837197179	2230.84529	78.42683887
462000	62.944484	0	0.7125	0.75	0.3644162944	0.3837197179	2230.84529	76.6798833
462500	63.009416	0	0.7631578947	0.9264705882	0.3644162944	0.3837197179	2230.84529	88.49353391
463000	63.075357	0	0.8205128205	0.8939393939	0.3644162944	0.3837197179	2230.84529	84.12366074
463500	63.139937	0	0.7307692308	0.803030303	0.3644162944	0.3837197179	2230.84529	86.40497172
464000	63.205526	0	0.8024691358	0.9047619048	0.3644162944	0.3837197179	2230.84529	101.8533239
464500	63.271239	0	0.6451612903	0.8292682927	0.3644162944	0.3837197179	2230.84529	83.92914355
465000	63.33799	0	0.6470588235	0.8552631579	0.3644162944	0.3837197179	2230.84529	76.88056737
465500	63.404326	0	0.7333333333	0.8550724638	0.3644162944	0.3837197179	2230.84529	80.89632255
466000	63.470683	0	0.7727272727	0.7692307692	0.3644162944	0.3837197179	2230.84529	73.31131166
466500	63.537099	0	0.7794117647	0.8421052632	0.3644162944	0.3837197179	2230.84529	84.20503467
467000	63.603518	0	0.7820512821	0.8636363636	0.3644162944	0.3837197179	2230.84529	74.5380888
467500	63.668958	0	0.7352941176	0.8421052632	0.3644162944	0.3837197179	2230.84529	73.0042783
468000	63.734178	0	0.84	0.9420289855	0.3644162944	0.3837197179	2230.84529	82.88288265
468500	63.800255	0	0.7368421053	0.75	0.3644162944	0.3837197179	2230.84529	81.95521766
469000	63.86707	0	0.7792207792	0.8358208955	0.3644162944	0.3837197179	2230.84529	76.83334613
469500	63.932602	0	0.6805555556	0.9444444444	0.3644162944	0.3837197179	2230.84529	82.02317446
470000	64.00314	0	0.6805555556	0.875	0.3644162944	0.3837197179	2230.84529	81.69537264
470500	64.068195	0	0.8684210526	0.8970588235	0.3644162944	0.3837197179	2230.84529	105.9237699
471000	64.132822	0	0.7222222222	0.8194444444	0.3644162944	0.3837197179	2230.84529	78.17256719
471500	64.198854	0	0.6056338028	0.7808219178	0.3644162944	0.3837197179	2230.84529	69.13641119
472000	64.266165	0	0.7285714286	0.7702702703	0.3644162944	0.3837197179	2230.84529	76.12747508
472500	64.3329	0	0.7910447761	0.8051948052	0.3644162944	0.3837197179	2230.84529	82.98886871
473000	64.39983	0	0.6470588235	0.7894736842	0.3644162944	0.3837197179	2230.84529	75.55105191
473500	64.465138	0	0.7432432432	0.8428571429	0.3644162944	0.3837197179	2230.84529	84.71812999
474000	64.5305	0	0.8552631579	0.9852941176	0.3644162944	0.3837197179	2230.84529	75.53381979
474500	64.598068	0	0.6756756757	0.8714285714	0.3644162944	0.3837197179	2230.84529	74.35361052
475000	64.664838	0	0.6911764706	0.7236842105	0.3644162944	0.3837197179	2230.84529	71.55022895
475500	64.731639	0	0.6901408451	0.7123287671	0.3644162944	0.3837197179	2230.84529	85.52210271
476000	64.797547	0	0.8	0.8648648649	0.3644162944	0.3837197179	2230.84529	80.17689699
476500	64.864307	0	0.8088235294	0.8684210526	0.3644162944	0.3837197179	2230.84529	82.3857277
477000	64.929841	0	0.7272727273	0.8461538462	0.3644162944	0.3837197179	2230.84529	90.33555406
477500	64.994368	0	0.6515151515	0.8846153846	0.3644162944	0.3837197179	2230.84529	82.51358682
478000	65.059814	0	0.6575342466	0.7605633803	0.3644162944	0.3837197179	2230.84529	65.69092703
478500	65.125183	0	0.7571428571	0.7972972973	0.3644162944	0.3837197179	2230.84529	84.15255815
479000	65.190955	0	0.8787878788	0.9230769231	0.3644162944	0.3837197179	2230.84529	77.52464956
479500	65.256104	0	0.7701149425	0.8596491228	0.3644162944	0.3837197179	2230.84529	77.33693916
480000	65.327648	0	0.8358208955	0.8181818182	0.3644162944	0.3837197179	2230.84529	89.07183081
480500	65.393117	0	0.6625	0.890625	0.3644162944	0.3837197179	2230.84529	80.77899671
481000	65.45902	0	0.7313432836	0.8701298701	0.3644162944	0.3837197179	2230.84529	66.22948146
481500	65.525872	0	0.7027027027	0.7142857143	0.3644162944	0.3837197179	2230.84529	67.97265947
482000	65.592085	0	0.7317073171	0.8548387097	0.3644162944	0.3837197179	2230.84529	82.41229802
482500	65.65651	0	0.7727272727	0.7948717949	0.3644162944	0.3837197179	2230.84529	84.11417997
483000	65.722524	0	0.8	0.8648648649	0.3644162944	0.3837197179	2230.84529	79.44979483
483500	65.786884	0	0.8787878788	0.8076923077	0.3644162944	0.3837197179	2230.84529	78.21546817
484000	65.85273	0	0.8181818182	0.8507462687	0.3644162944	0.3837197179	2230.84529	82.75315201
484500	65.916884	0	0.7162162162	0.8857142857	0.3644162944	0.3837197179	2230.84529	74.95676267
485000	65.98377	0	0.7432432432	0.7857142857	0.3644162944	0.3837197179	2230.84529	72.45115662
485500	66.049876	0	0.6805555556	0.8472222222	0.3644162944	0.3837197179	2230.84529	75.89099705
486000	66.11559	0	0.6956521739	0.8133333333	0.3644162944	0.3837197179	2230.84529	71.47788882
486500	66.181317	0	0.7948717949	0.7575757576	0.3644162944	0.3837197179	2230.84529	84.60507756
487000	66.24698	0	0.7763157895	0.7794117647	0.3644162944	0.3837197179	2230.84529	77.65058464
487500	66.313163	0	0.8375	0.953125	0.3644162944	0.3837197179	2230.84529	84.07843989
488000	66.378265	0	0.7619047619	0.85	0.3644162944	0.3837197179	2230.84529	80.23099911
488500	66.44413	0	0.7123287671	0.7887323944	0.3644162944	0.3837197179	2230.84529	76.70727241
489000	66.50965	0	0.8571428571	0.8243243243	0.3644162944	0.3837197179	2230.84529	71.72539306
489500	66.576356	0	0.7654320988	0.8253968254	0.3644162944	0.3837197179	2230.84529	71.96373123
490000	66.646819	0	0.7205882353	0.8289473684	0.3644162944	0.3837197179	2230.84529	81.57486045
490500	66.712307	0	0.6666666667	0.8518518519	0.3644162944	0.3837197179	2230.84529	81.68687236
491000	66.778479	0	0.7972972973	0.9142857143	0.3644162944	0.3837197179	2230.84529	84.22776443
491500	66.845189	0	0.7183098592	0.7945205479	0.3644162944	0.3837197179	2230.84529	70.20910722
492000	66.912168	0	0.5696202532	0.8	0.3644162944	0.3837197179	2230.84529	74.24998748
492500	66.978885	0	0.6567164179	0.8051948052	0.3644162944	0.3837197179	2230.84529	69.02029812
493000	67.044717	0	0.8333333333	0.9393939394	0.3644162944	0.3837197179	2230.84529	81.08752924
493500	67.11083	0	0.7419354839	0.8536585366	0.3644162944	0.3837197179	2230.84529	71.08752525
494000	67.178309	0	0.7647058824	0.8289473684	0.3644162944	0.3837197179	2230.84529	88.08862418
494500	67.244611	0	0.7936507937	0.7160493827	0.3644162944	0.3837197179	2230.84529	63.92946386
495000	67.313051	0	0.7215189873	0.8153846154	0.3644162944	0.3837197179	2230.84529	70.66184634
495500	67.380814	0	0.8028169014	0.8082191781	0.3644162944	0.3837197179	2230.84529	82.086896
496000	67.446666	0	0.8533333333	0.8985507246	0.3644162944	0.3837197179	2230.84529	78.51868594
496500	67.511474	0	0.7972972973	0.8714285714	0.3644162944	0.3837197179	2230.84529	97.89682478
497000	67.578022	0	0.6301369863	0.7605633803	0.3644162944	0.3837197179	2230.84529	64.94062501
497500	67.644883	0	0.8358208955	0.8181818182	0.3644162944	0.3837197179	2230.84529	75.3758027
498000	67.711448	0	0.7166666667	0.8571428571	0.3644162944	0.3837197179	2230.84529	79.82338089
498500	67.776201	0	0.7285714286	0.8243243243	0.3644162944	0.3837197179	2230.84529	86.07514924
499000	67.841061	0	0.7794117647	0.8815789474	0.3644162944	0.3837197179	2230.84529	74.29289502
499500	67.908144	0	0.828125	0.8375	0.3644162944	0.3837197179	2230.84529	74.7411288
500000	67.975139	0	0.7875	0.828125	0.3644162944	0.3837197179	2230.84529	83.16249877
500500	68.040421	0	0.7894736842	0.9264705882	0.3644162944	0.3837197179	2230.84529	76.56804448
501000	68.106943	0	0.6883116883	0.7910447761	0.3644162944	0.3837197179	2230.84529	69.30900711
501500	68.173649	0	0.7941176471	0.8552631579	0.3644162944	0.3837197179	2230.84529	72.77213407
502000	68.240294	0	0.6811594203	0.64	0.3644162944	0.3837197179	2230.84529	68.4354856
502500	68.306736	0	0.7042253521	0.8356164384	0.3644162944	0.3837197179	2230.84529	86.11909121
503000	68.37257	0	0.652173913	0.7866666667	0.3644162944	0.3837197179	2230.84529	71.23623574
503500	68.438999	0	0.68	0.8550724638	0.3644162944	0.3837197179	2230.84529	76.98263019
504000	68.505474	0	0.7123287671	0.7887323944	0.3644162944	0.3837197179	2230.84529	78.31800979
504500	68.572044	0	0.7236842105	0.8235294118	0.3644162944	0.3837197179	2230.84529	78.99998742
505000	68.637939	0	0.796875	0.85	0.3644162944	0.3837197179	2230.84529	86.60612679
505500	68.703925	0	0.7833333333	0.8571428571	0.3644162944	0.3837197179	2230.84529	80.1282813
506000	68.769222	0	0.8142857143	0.8243243243	0.3644162944	0.3837197179	2230.84529	82.28213847
506500	68.835398	0	0.7534246575	0.8591549296	0.3644162944	0.3837197179	2230.84529	79.03446987
507000	68.900223	0	0.7820512821	0.8636363636	0.3644162944	0.3837197179	2230.84529	87.32277244
507500	68.965234	0	0.7605633803	0.8904109589	0.3644162944	0.3837197179	2230.84529	72.20098162
508000	69.031236	0	0.698630137	0.8732394366	0.3644162944	0.3837197179	2230.84529	83.77327335
508500	69.097052	0	0.7777777778	0.8412698413	0.3644162944	0.3837197179	2230.84529	72.19009227
509000	69.16346	0	0.6623376623	0.8656716418	0.3644162944	0.3837197179	2230.84529	74.95625544
509500	69.228611	0	0.7727272727	0.9358974359	0.3644162944	0.3837197179	2230.84529	75.54039174
510000	69.299741	0	0.7901234568	0.9523809524	0.3644162944	0.3837197179	2230.84529	77.92848605
510500	69.364287	0	0.7733333333	0.8405797101	0.3644162944	0.3837197179	2230.84529	87.76682854
511000	69.428764	0	0.776119403	0.8181818182	0.3644162944	0.3837197179	2230.84529	71.28105879
511500	69.49514	0	0.8194444444	0.8472222222	0.3644162944	0.3837197179	2230.84529	84.03142852
512000	69.560142	0	0.796875	0.85	0.3644162944	0.3837197179	2230.84529	77.24053514
512500	69.626798	0	0.6860465116	0.8275862069	0.3644162944	0.3837197179	2230.84529	80.36664766
513000	69.69263	0	0.7215189873	0.7076923077	0.3644162944	0.3837197179	2230.84529	75.25239044
513500	69.759242	0	0.7866666667	0.6956521739	0.3644162944	0.3837197179	2230.84529	78.8158313
514000	69.824236	0	0.8026315789	0.7647058824	0.3644162944	0.3837197179	2230.84529	77.46287906
514500	69.890551	0	0.7692307692	0.9113924051	0.3644162944	0.3837197179	2230.84529	78.68255508
515000	69.956948	0	0.7142857143	0.7910447761	0.3644162944	0.3837197179	2230.84529	74.56135488
515500	70.022988	0	0.8	0.8918918919	0.3644162944	0.3837197179	2230.84529	76.63569969
516000	70.089199	0	0.8769230769	0.8860759494	0.3644162944	0.3837197179	2230.84529	76.51484519
