#timestep	time	hpmc_overlap_count	hpmc_translate_acceptance	hpmc_rotate_acceptance	hpmc_d	hpmc_a	volume	external_field_jit
0	0.027842	0	0	0	0.01	0.01	2643.964789	0
500	2.888633	0	0.9807106599	0.9811853246	0.0153474645	0.0153585105	2643.964789	0
0	0.012369	0	0	0	0.01	0.01	2643.964715	0
0	0.011376	0	0	0	0.01	0.01	2643.964715	0
500	2.832449	0	0.9918781726	0.9887111947	0.0153447935	0.01535775269	2643.964715	0
1000	5.315669	0	0.9749034749	0.9782608696	0.02348767701	0.02352641613	2643.964715	0
1500	7.811837	0	0.9629268293	0.9677419355	0.03582562517	0.03591394831	2643.964715	0
0	0.013514	0	0	0	0.01	0.01	2643.964715	0
500	2.833165	0	0.9918781726	0.9887111947	0.0153447935	0.01535775269	2643.964715	0
0	0.011562	0	0	0	0.01	0.01	2643.964715	0
500	2.837011	0	0.9918781726	0.9887111947	0.0153447935	0.01535775269	2643.964715	0
1000	5.315488	0	0.9749034749	0.9782608696	0.02348767701	0.02352641613	2643.964715	0
1500	7.806285	0	0.9629268293	0.9677419355	0.03582562517	0.03591394831	2643.964715	0
2000	10.323998	0	0.918762089	0.9388560158	0.05421188355	0.0544350315	2643.964715	0
2500	12.800291	0	0.8917576961	0.9135446686	0.08126690866	0.08178095482	2643.964715	0
3000	15.217941	0	0.8571428571	0.8726368159	0.1199889801	0.1213483581	2643.964715	0
3500	17.533537	0	0.8200562324	0.8032619776	0.1735672756	0.1769726113	2643.964715	0
4000	19.814294	0	0.7032007759	0.7472959685	0.2432130752	0.2515505911	2643.964715	0
4500	21.956444	0	0.6221335992	0.643062201	0.3262656737	0.3467210713	2643.964715	0
5000	24.241134	0	0.5213764338	0.6033057851	0.3262656737	0.3467210713	42303.43543	14155.43253
5500	25.317494	0	0.8902554399	0.9586276488	0.3262656737	0.3467210713	42303.43543	9705.794007
6000	26.295165	0	0.8929273084	0.9631067961	0.3262656737	0.3467210713	42303.43543	5198.086305
6500	27.306651	0	0.7996089932	0.8497560976	0.3262656737	0.3467210713	42303.43543	2481.986133
7000	28.47146	0	0.6896896897	0.819828408	0.3262656737	0.3467210713	42303.43543	1633.768777
7500	29.712218	0	0.6700201207	0.7381404175	0.3262656737	0.3467210713	42303.43543	1378.625456
8000	30.976069	0	0.6554934823	0.7371663244	0.3262656737	0.3467210713	42303.43543	1340.97778
8500	32.236569	0	0.6980392157	0.7412451362	0.3262656737	0.3467210713	42303.43543	1391.099288
9000	33.502414	0	0.6539561487	0.7107107107	0.3262656737	0.3467210713	42303.43543	1357.221923
9500	34.767163	0	0.6733870968	0.7878787879	0.3262656737	0.3467210713	42303.43543	1398.635675
10000	36.023236	0	0.6410505837	0.7676470588	0.3262656737	0.3467210713	42303.43543	1380.896306
10500	37.283288	0	0.6470588235	0.7349159248	0.3262656737	0.3467210713	42303.43543	1366.677133
11000	38.547853	0	0.6485436893	0.7740667976	0.3262656737	0.3467210713	42303.43543	1382.15542
11500	39.810368	0	0.6705882353	0.7587548638	0.3262656737	0.3467210713	42303.43543	1374.853708
12000	41.067795	0	0.6602238047	0.7774647887	0.3262656737	0.3467210713	42303.43543	1393.09076
12500	42.329355	0	0.6576492537	0.7366803279	0.3262656737	0.3467210713	42303.43543	1385.968154
13000	43.591593	0	0.6833824975	0.7575169738	0.3262656737	0.3467210713	42303.43543	1392.507774
13500	44.856013	0	0.6524752475	0.7456647399	0.3262656737	0.3467210713	42303.43543	1377.852438
14000	46.124641	0	0.6388888889	0.7480769231	0.3262656737	0.3467210713	42303.43543	1338.522712
14500	47.387756	0	0.6411992263	0.7642998028	0.3262656737	0.3467210713	42303.43543	1384.485607
15000	48.651107	0	0.6551724138	0.7512100678	0.3262656737	0.3467210713	42303.43543	1376.767284
15500	49.913786	0	0.6355685131	0.7340529931	0.3262656737	0.3467210713	42303.43543	1356.725349
16000	51.182243	0	0.6730575177	0.7710501419	0.3262656737	0.3467210713	42303.43543	1336.599103
16500	52.440468	0	0.6742857143	0.7625250501	0.3262656737	0.3467210713	42303.43543	1374.91898
17000	53.69477	0	0.6313320826	0.7739307536	0.3262656737	0.3467210713	42303.43543	1393.639713
17500	54.962261	0	0.6613545817	0.7260536398	0.3262656737	0.3467210713	42303.43543	1346.993477
18000	56.233912	0	0.6694995279	0.7330637007	0.3262656737	0.3467210713	42303.43543	1366.223811
18500	57.487249	0	0.6788111218	0.7711442786	0.3262656737	0.3467210713	42303.43543	1430.510533
19000	58.743578	0	0.6529814272	0.7473170732	0.3262656737	0.3467210713	42303.43543	1358.415278
19500	60.0027	0	0.6500974659	0.747553816	0.3262656737	0.3467210713	42303.43543	1397.770811
20000	61.259433	0	0.6422372228	0.7200791296	0.3262656737	0.3467210713	42303.43543	1343.471696
20500	62.523203	0	0.6295238095	0.7364729459	0.3262656737	0.3467210713	42303.43543	1323.503101
21000	63.781862	0	0.6245098039	0.7461089494	0.3262656737	0.3467210713	42303.43543	1356.701439
21500	65.037534	0	0.648622982	0.7618090452	0.3262656737	0.3467210713	42303.43543	1414.066636
22000	66.294703	0	0.693856999	0.7317535545	0.3262656737	0.3467210713	42303.43543	1375.091101
22500	67.558444	0	0.6650625602	0.7333994054	0.3262656737	0.3467210713	42303.43543	1379.636931
23000	68.819381	0	0.6695319962	0.7452547453	0.3262656737	0.3467210713	42303.43543	1380.575375
23500	70.07887	0	0.6708984375	0.7783203125	0.3262656737	0.3467210713	42303.43543	1408.086808
24000	71.335916	0	0.6783216783	0.7373447947	0.3262656737	0.3467210713	42303.43543	1370.479318
24500	72.601058	0	0.6426484907	0.7267384917	0.3262656737	0.3467210713	42303.43543	1376.086947
25000	73.857518	0	0.665388303	0.7810945274	0.3262656737	0.3467210713	42303.43543	1441.605733
25500	75.109014	0	0.6679499519	0.7403369673	0.3262656737	0.3467210713	42303.43543	1357.222233
26000	76.37017	0	0.6992263056	0.758382643	0.3262656737	0.3467210713	42303.43543	1428.293112
26500	77.627875	0	0.669	0.7652671756	0.3262656737	0.3467210713	42303.43543	1354.430141
27000	78.883698	0	0.6826826827	0.7807435653	0.3262656737	0.3467210713	42303.43543	1409.674993
27500	80.149285	0	0.6498545102	0.7620452311	0.3262656737	0.3467210713	42303.43543	1340.479643
28000	81.41151	0	0.6573088093	0.7369458128	0.3262656737	0.3467210713	42303.43543	1370.063499
28500	82.669669	0	0.6726368159	0.7679769895	0.3262656737	0.3467210713	42303.43543	1379.150773
29000	83.933618	0	0.682464455	0.7834843907	0.3262656737	0.3467210713	42303.43543	1389.62709
29500	85.192386	0	0.6937377691	0.7719298246	0.3262656737	0.3467210713	42303.43543	1412.430308
30000	86.451593	0	0.6445846477	0.7666362808	0.3262656737	0.3467210713	42303.43543	1353.645023
30500	87.711999	0	0.6883239171	0.775862069	0.3262656737	0.3467210713	42303.43543	1361.240369
31000	88.971221	0	0.6478599222	0.7460784314	0.3262656737	0.3467210713	42303.43543	1348.543341
31500	90.227473	0	0.6732580038	0.738336714	0.3262656737	0.3467210713	42303.43543	1371.721532
32000	91.489908	0	0.6316831683	0.7495183044	0.3262656737	0.3467210713	42303.43543	1343.682928
32500	92.754152	0	0.6492985972	0.7323809524	0.3262656737	0.3467210713	42303.43543	1369.859
33000	94.019229	0	0.645320197	0.7221684414	0.3262656737	0.3467210713	42303.43543	1381.966091
33500	95.281197	0	0.638589618	0.7682570594	0.3262656737	0.3467210713	42303.43543	1376.60988
34000	96.541733	0	0.6592877767	0.7661050545	0.3262656737	0.3467210713	42303.43543	1394.281208
34500	97.797325	0	0.6650197628	0.7451737452	0.3262656737	0.3467210713	42303.43543	1387.618461
35000	99.059093	0	0.6411530815	0.7495201536	0.3262656737	0.3467210713	42303.43543	1380.287377
35500	100.320543	0	0.6370731707	0.7478005865	0.3262656737	0.3467210713	42303.43543	1339.552169
36000	101.581966	0	0.6757852077	0.7785108388	0.3262656737	0.3467210713	42303.43543	1387.908561
36500	102.835153	0	0.6686159844	0.7358121331	0.3262656737	0.3467210713	42303.43543	1367.550534
37000	104.092681	0	0.6841046278	0.7741935484	0.3262656737	0.3467210713	42303.43543	1375.252318
37500	105.354778	0	0.6577380952	0.7115384615	0.3262656737	0.3467210713	42303.43543	1372.144033
38000	106.620555	0	0.6521308226	0.7584215592	0.3262656737	0.3467210713	42303.43543	1363.303617
38500	107.883786	0	0.639408867	0.7434656341	0.3262656737	0.3467210713	42303.43543	1347.929622
39000	109.148595	0	0.646484375	0.7421875	0.3262656737	0.3467210713	42303.43543	1423.422599
39500	110.414681	0	0.6749521989	0.7405189621	0.3262656737	0.3467210713	42303.43543	1306.341643
40000	111.676581	0	0.640831758	0.7505050505	0.3262656737	0.3467210713	42303.43543	1341.325558
40500	112.938776	0	0.6689386563	0.7522037218	0.3262656737	0.3467210713	42303.43543	1403.499814
41000	114.19746	0	0.6763236763	0.7516714422	0.3262656737	0.3467210713	42303.43543	1337.86325
41500	115.454059	0	0.6862745098	0.7723735409	0.3262656737	0.3467210713	42303.43543	1369.466537
42000	116.714135	0	0.6459747818	0.7482792527	0.3262656737	0.3467210713	42303.43543	1343.699477
42500	117.973571	0	0.6620959843	0.729308666	0.3262656737	0.3467210713	42303.43543	1350.324686
43000	119.230107	0	0.6617790811	0.752195122	0.3262656737	0.3467210713	42303.43543	1369.910018
43500	120.489512	0	0.6754966887	0.7790110999	0.3262656737	0.3467210713	42303.43543	1406.177865
44000	121.741303	0	0.6600790514	0.7442084942	0.3262656737	0.3467210713	42303.43543	1398.606721
44500	123.001647	0	0.6446446446	0.7340324118	0.3262656737	0.3467210713	42303.43543	1340.916548
45000	124.264831	0	0.6776699029	0.7642436149	0.3262656737	0.3467210713	42303.43543	1372.137939
